c:\users\marchetto\documents\visual studio 2017\projects\gix-ide\libs\scintilla\qt\scintillaedit\x64\release\editmodel.obj
c:\users\marchetto\documents\visual studio 2017\projects\gix-ide\libs\scintilla\qt\scintillaedit\x64\release\lexasm.obj
c:\users\marchetto\documents\visual studio 2017\projects\gix-ide\libs\scintilla\qt\scintillaedit\x64\release\lexescript.obj
c:\users\marchetto\documents\visual studio 2017\projects\gix-ide\libs\scintilla\qt\scintillaedit\x64\release\lexhtml.obj
c:\users\marchetto\documents\visual studio 2017\projects\gix-ide\libs\scintilla\qt\scintillaedit\x64\release\wordlist.obj
c:\users\marchetto\documents\visual studio 2017\projects\gix-ide\libs\scintilla\qt\scintillaedit\x64\release\defaultlexer.obj
c:\users\marchetto\documents\visual studio 2017\projects\gix-ide\libs\scintilla\qt\scintillaedit\x64\release\indicator.obj
c:\users\marchetto\documents\visual studio 2017\projects\gix-ide\libs\scintilla\qt\scintillaedit\x64\release\lexbaan.obj
c:\users\marchetto\documents\visual studio 2017\projects\gix-ide\libs\scintilla\qt\scintillaedit\x64\release\lexflagship.obj
c:\users\marchetto\documents\visual studio 2017\projects\gix-ide\libs\scintilla\qt\scintillaedit\x64\release\lexmmixal.obj
c:\users\marchetto\documents\visual studio 2017\projects\gix-ide\libs\scintilla\qt\scintillaedit\x64\release\lexmetapost.obj
c:\users\marchetto\documents\visual studio 2017\projects\gix-ide\libs\scintilla\qt\scintillaedit\x64\release\lexopal.obj
c:\users\marchetto\documents\visual studio 2017\projects\gix-ide\libs\scintilla\qt\scintillaedit\x64\release\lexpowerpro.obj
c:\users\marchetto\documents\visual studio 2017\projects\gix-ide\libs\scintilla\qt\scintillaedit\x64\release\lexsas.obj
c:\users\marchetto\documents\visual studio 2017\projects\gix-ide\libs\scintilla\qt\scintillaedit\x64\release\lexsmalltalk.obj
c:\users\marchetto\documents\visual studio 2017\projects\gix-ide\libs\scintilla\qt\scintillaedit\x64\release\lextcmd.obj
c:\users\marchetto\documents\visual studio 2017\projects\gix-ide\libs\scintilla\qt\scintillaedit\x64\release\lexermodule.obj
c:\users\marchetto\documents\visual studio 2017\projects\gix-ide\libs\scintilla\qt\scintillaedit\x64\release\scintilladocument.obj
c:\users\marchetto\documents\visual studio 2017\projects\gix-ide\libs\scintilla\qt\scintillaedit\x64\release\dbcs.obj
c:\users\marchetto\documents\visual studio 2017\projects\gix-ide\libs\scintilla\qt\scintillaedit\x64\release\externallexer.obj
c:\users\marchetto\documents\visual studio 2017\projects\gix-ide\libs\scintilla\qt\scintillaedit\x64\release\lexclw.obj
c:\users\marchetto\documents\visual studio 2017\projects\gix-ide\libs\scintilla\qt\scintillaedit\x64\release\lexconf.obj
c:\users\marchetto\documents\visual studio 2017\projects\gix-ide\libs\scintilla\qt\scintillaedit\x64\release\lexdataflex.obj
c:\users\marchetto\documents\visual studio 2017\projects\gix-ide\libs\scintilla\qt\scintillaedit\x64\release\lexerrorlist.obj
c:\users\marchetto\documents\visual studio 2017\projects\gix-ide\libs\scintilla\qt\scintillaedit\x64\release\lexhaskell.obj
c:\users\marchetto\documents\visual studio 2017\projects\gix-ide\libs\scintilla\qt\scintillaedit\x64\release\lexperl.obj
c:\users\marchetto\documents\visual studio 2017\projects\gix-ide\libs\scintilla\qt\scintillaedit\x64\release\stylecontext.obj
c:\users\marchetto\documents\visual studio 2017\projects\gix-ide\libs\scintilla\qt\scintillaedit\x64\release\uniconversion.obj
c:\users\marchetto\documents\visual studio 2017\projects\gix-ide\libs\scintilla\qt\scintillaedit\x64\release\characterset.obj
c:\users\marchetto\documents\visual studio 2017\projects\gix-ide\libs\scintilla\qt\scintillaedit\x64\release\editor.obj
c:\users\marchetto\documents\visual studio 2017\projects\gix-ide\libs\scintilla\qt\scintillaedit\x64\release\lexprops.obj
c:\users\marchetto\documents\visual studio 2017\projects\gix-ide\libs\scintilla\qt\scintillaedit\x64\release\lexsorcus.obj
c:\users\marchetto\documents\visual studio 2017\projects\gix-ide\libs\scintilla\qt\scintillaedit\x64\release\lexvb.obj
c:\users\marchetto\documents\visual studio 2017\projects\gix-ide\libs\scintilla\qt\scintillaedit\x64\release\marginview.obj
c:\users\marchetto\documents\visual studio 2017\projects\gix-ide\libs\scintilla\qt\scintillaedit\x64\release\uniquestring.obj
c:\users\marchetto\documents\visual studio 2017\projects\gix-ide\libs\scintilla\qt\scintillaedit\x64\release\document.obj
c:\users\marchetto\documents\visual studio 2017\projects\gix-ide\libs\scintilla\qt\scintillaedit\x64\release\lexlisp.obj
c:\users\marchetto\documents\visual studio 2017\projects\gix-ide\libs\scintilla\qt\scintillaedit\x64\release\lexmaxima.obj
c:\users\marchetto\documents\visual studio 2017\projects\gix-ide\libs\scintilla\qt\scintillaedit\x64\release\lexnull.obj
c:\users\marchetto\documents\visual studio 2017\projects\gix-ide\libs\scintilla\qt\scintillaedit\x64\release\lexps.obj
c:\users\marchetto\documents\visual studio 2017\projects\gix-ide\libs\scintilla\qt\scintillaedit\x64\release\lexsql.obj
c:\users\marchetto\documents\visual studio 2017\projects\gix-ide\libs\scintilla\qt\scintillaedit\x64\release\research.obj
c:\users\marchetto\documents\visual studio 2017\projects\gix-ide\libs\scintilla\qt\scintillaedit\x64\release\style.obj
c:\users\marchetto\documents\visual studio 2017\projects\gix-ide\libs\scintilla\qt\scintillaedit\x64\release\charactercategory.obj
c:\users\marchetto\documents\visual studio 2017\projects\gix-ide\libs\scintilla\qt\scintillaedit\x64\release\lexa68k.obj
c:\users\marchetto\documents\visual studio 2017\projects\gix-ide\libs\scintilla\qt\scintillaedit\x64\release\lexave.obj
c:\users\marchetto\documents\visual studio 2017\projects\gix-ide\libs\scintilla\qt\scintillaedit\x64\release\lexbatch.obj
c:\users\marchetto\documents\visual studio 2017\projects\gix-ide\libs\scintilla\qt\scintillaedit\x64\release\lexcoffeescript.obj
c:\users\marchetto\documents\visual studio 2017\projects\gix-ide\libs\scintilla\qt\scintillaedit\x64\release\lexindent.obj
c:\users\marchetto\documents\visual studio 2017\projects\gix-ide\libs\scintilla\qt\scintillaedit\x64\release\lexkix.obj
c:\users\marchetto\documents\visual studio 2017\projects\gix-ide\libs\scintilla\qt\scintillaedit\x64\release\lexmake.obj
c:\users\marchetto\documents\visual studio 2017\projects\gix-ide\libs\scintilla\qt\scintillaedit\x64\release\lexmodula.obj
c:\users\marchetto\documents\visual studio 2017\projects\gix-ide\libs\scintilla\qt\scintillaedit\x64\release\lexregistry.obj
c:\users\marchetto\documents\visual studio 2017\projects\gix-ide\libs\scintilla\qt\scintillaedit\x64\release\lextex.obj
c:\users\marchetto\documents\visual studio 2017\projects\gix-ide\libs\scintilla\qt\scintillaedit\x64\release\lexerbase.obj
c:\users\marchetto\documents\visual studio 2017\projects\gix-ide\libs\scintilla\qt\scintillaedit\x64\release\lexersimple.obj
c:\users\marchetto\documents\visual studio 2017\projects\gix-ide\libs\scintilla\qt\scintillaedit\x64\release\scintillaeditbase.obj
c:\users\marchetto\documents\visual studio 2017\projects\gix-ide\libs\scintilla\qt\scintillaedit\x64\release\decoration.obj
c:\users\marchetto\documents\visual studio 2017\projects\gix-ide\libs\scintilla\qt\scintillaedit\x64\release\lexasn1.obj
c:\users\marchetto\documents\visual studio 2017\projects\gix-ide\libs\scintilla\qt\scintillaedit\x64\release\lexcss.obj
c:\users\marchetto\documents\visual studio 2017\projects\gix-ide\libs\scintilla\qt\scintillaedit\x64\release\lexcsound.obj
c:\users\marchetto\documents\visual studio 2017\projects\gix-ide\libs\scintilla\qt\scintillaedit\x64\release\lexedifact.obj
c:\users\marchetto\documents\visual studio 2017\projects\gix-ide\libs\scintilla\qt\scintillaedit\x64\release\lexmpt.obj
c:\users\marchetto\documents\visual studio 2017\projects\gix-ide\libs\scintilla\qt\scintillaedit\x64\release\lexpo.obj
c:\users\marchetto\documents\visual studio 2017\projects\gix-ide\libs\scintilla\qt\scintillaedit\x64\release\lexrebol.obj
c:\users\marchetto\documents\visual studio 2017\projects\gix-ide\libs\scintilla\qt\scintillaedit\x64\release\lexscriptol.obj
c:\users\marchetto\documents\visual studio 2017\projects\gix-ide\libs\scintilla\qt\scintillaedit\x64\release\lexspecman.obj
c:\users\marchetto\documents\visual studio 2017\projects\gix-ide\libs\scintilla\qt\scintillaedit\x64\release\lexverilog.obj
c:\users\marchetto\documents\visual studio 2017\projects\gix-ide\libs\scintilla\qt\scintillaedit\x64\release\calltip.obj
c:\users\marchetto\documents\visual studio 2017\projects\gix-ide\libs\scintilla\qt\scintillaedit\x64\release\lexasy.obj
c:\users\marchetto\documents\visual studio 2017\projects\gix-ide\libs\scintilla\qt\scintillaedit\x64\release\lexbash.obj
c:\users\marchetto\documents\visual studio 2017\projects\gix-ide\libs\scintilla\qt\scintillaedit\x64\release\lexfortran.obj
c:\users\marchetto\documents\visual studio 2017\projects\gix-ide\libs\scintilla\qt\scintillaedit\x64\release\lexkvirc.obj
c:\users\marchetto\documents\visual studio 2017\projects\gix-ide\libs\scintilla\qt\scintillaedit\x64\release\lexmssql.obj
c:\users\marchetto\documents\visual studio 2017\projects\gix-ide\libs\scintilla\qt\scintillaedit\x64\release\lexnimrod.obj
c:\users\marchetto\documents\visual studio 2017\projects\gix-ide\libs\scintilla\qt\scintillaedit\x64\release\lexpb.obj
c:\users\marchetto\documents\visual studio 2017\projects\gix-ide\libs\scintilla\qt\scintillaedit\x64\release\lexprogress.obj
c:\users\marchetto\documents\visual studio 2017\projects\gix-ide\libs\scintilla\qt\scintillaedit\x64\release\lextcl.obj
c:\users\marchetto\documents\visual studio 2017\projects\gix-ide\libs\scintilla\qt\scintillaedit\x64\release\linemarker.obj
c:\users\marchetto\documents\visual studio 2017\projects\gix-ide\libs\scintilla\qt\scintillaedit\x64\release\selection.obj
c:\users\marchetto\documents\visual studio 2017\projects\gix-ide\libs\scintilla\qt\scintillaedit\x64\release\accessor.obj
c:\users\marchetto\documents\visual studio 2017\projects\gix-ide\libs\scintilla\qt\scintillaedit\x64\release\editview.obj
c:\users\marchetto\documents\visual studio 2017\projects\gix-ide\libs\scintilla\qt\scintillaedit\x64\release\lexdmap.obj
c:\users\marchetto\documents\visual studio 2017\projects\gix-ide\libs\scintilla\qt\scintillaedit\x64\release\lexforth.obj
c:\users\marchetto\documents\visual studio 2017\projects\gix-ide\libs\scintilla\qt\scintillaedit\x64\release\lexhex.obj
c:\users\marchetto\documents\visual studio 2017\projects\gix-ide\libs\scintilla\qt\scintillaedit\x64\release\lexmagik.obj
c:\users\marchetto\documents\visual studio 2017\projects\gix-ide\libs\scintilla\qt\scintillaedit\x64\release\lexnim.obj
c:\users\marchetto\documents\visual studio 2017\projects\gix-ide\libs\scintilla\qt\scintillaedit\x64\release\lexstata.obj
c:\users\marchetto\documents\visual studio 2017\projects\gix-ide\libs\scintilla\qt\scintillaedit\x64\release\lextal.obj
c:\users\marchetto\documents\visual studio 2017\projects\gix-ide\libs\scintilla\qt\scintillaedit\x64\release\lexx12.obj
c:\users\marchetto\documents\visual studio 2017\projects\gix-ide\libs\scintilla\qt\scintillaedit\x64\release\scintillabase.obj
c:\users\marchetto\documents\visual studio 2017\projects\gix-ide\libs\scintilla\qt\scintillaedit\x64\release\catalogue.obj
c:\users\marchetto\documents\visual studio 2017\projects\gix-ide\libs\scintilla\qt\scintillaedit\x64\release\lexabaqus.obj
c:\users\marchetto\documents\visual studio 2017\projects\gix-ide\libs\scintilla\qt\scintillaedit\x64\release\lexcil.obj
c:\users\marchetto\documents\visual studio 2017\projects\gix-ide\libs\scintilla\qt\scintillaedit\x64\release\lexerlang.obj
c:\users\marchetto\documents\visual studio 2017\projects\gix-ide\libs\scintilla\qt\scintillaedit\x64\release\lexinno.obj
c:\users\marchetto\documents\visual studio 2017\projects\gix-ide\libs\scintilla\qt\scintillaedit\x64\release\lexlout.obj
c:\users\marchetto\documents\visual studio 2017\projects\gix-ide\libs\scintilla\qt\scintillaedit\x64\release\lexmatlab.obj
c:\users\marchetto\documents\visual studio 2017\projects\gix-ide\libs\scintilla\qt\scintillaedit\x64\release\lexoscript.obj
c:\users\marchetto\documents\visual studio 2017\projects\gix-ide\libs\scintilla\qt\scintillaedit\x64\release\lexraku.obj
c:\users\marchetto\documents\visual studio 2017\projects\gix-ide\libs\scintilla\qt\scintillaedit\x64\release\runstyles.obj
c:\users\marchetto\documents\visual studio 2017\projects\gix-ide\libs\scintilla\qt\scintillaedit\x64\release\caseconvert.obj
c:\users\marchetto\documents\visual studio 2017\projects\gix-ide\libs\scintilla\qt\scintillaedit\x64\release\lexavs.obj
c:\users\marchetto\documents\visual studio 2017\projects\gix-ide\libs\scintilla\qt\scintillaedit\x64\release\lexcobol.obj
c:\users\marchetto\documents\visual studio 2017\projects\gix-ide\libs\scintilla\qt\scintillaedit\x64\release\lexcmake.obj
c:\users\marchetto\documents\visual studio 2017\projects\gix-ide\libs\scintilla\qt\scintillaedit\x64\release\lexdmis.obj
c:\users\marchetto\documents\visual studio 2017\projects\gix-ide\libs\scintilla\qt\scintillaedit\x64\release\lexgap.obj
c:\users\marchetto\documents\visual studio 2017\projects\gix-ide\libs\scintilla\qt\scintillaedit\x64\release\lexjson.obj
c:\users\marchetto\documents\visual studio 2017\projects\gix-ide\libs\scintilla\qt\scintillaedit\x64\release\lexplm.obj
c:\users\marchetto\documents\visual studio 2017\projects\gix-ide\libs\scintilla\qt\scintillaedit\x64\release\lexpowershell.obj
c:\users\marchetto\documents\visual studio 2017\projects\gix-ide\libs\scintilla\qt\scintillaedit\x64\release\lexsml.obj
c:\users\marchetto\documents\visual studio 2017\projects\gix-ide\libs\scintilla\qt\scintillaedit\x64\release\lexspice.obj
c:\users\marchetto\documents\visual studio 2017\projects\gix-ide\libs\scintilla\qt\scintillaedit\x64\release\lexernoexceptions.obj
c:\users\marchetto\documents\visual studio 2017\projects\gix-ide\libs\scintilla\qt\scintillaedit\x64\release\positioncache.obj
c:\users\marchetto\documents\visual studio 2017\projects\gix-ide\libs\scintilla\qt\scintillaedit\x64\release\contractionstate.obj
c:\users\marchetto\documents\visual studio 2017\projects\gix-ide\libs\scintilla\qt\scintillaedit\x64\release\lexbibtex.obj
c:\users\marchetto\documents\visual studio 2017\projects\gix-ide\libs\scintilla\qt\scintillaedit\x64\release\lexdiff.obj
c:\users\marchetto\documents\visual studio 2017\projects\gix-ide\libs\scintilla\qt\scintillaedit\x64\release\lexgui4cli.obj
c:\users\marchetto\documents\visual studio 2017\projects\gix-ide\libs\scintilla\qt\scintillaedit\x64\release\lexlua.obj
c:\users\marchetto\documents\visual studio 2017\projects\gix-ide\libs\scintilla\qt\scintillaedit\x64\release\lexr.obj
c:\users\marchetto\documents\visual studio 2017\projects\gix-ide\libs\scintilla\qt\scintillaedit\x64\release\lexsttxt.obj
c:\users\marchetto\documents\visual studio 2017\projects\gix-ide\libs\scintilla\qt\scintillaedit\x64\release\lextacl.obj
c:\users\marchetto\documents\visual studio 2017\projects\gix-ide\libs\scintilla\qt\scintillaedit\x64\release\lextxt2tags.obj
c:\users\marchetto\documents\visual studio 2017\projects\gix-ide\libs\scintilla\qt\scintillaedit\x64\release\scintillaedit.obj
c:\users\marchetto\documents\visual studio 2017\projects\gix-ide\libs\scintilla\qt\scintillaedit\x64\release\casefolder.obj
c:\users\marchetto\documents\visual studio 2017\projects\gix-ide\libs\scintilla\qt\scintillaedit\x64\release\keymap.obj
c:\users\marchetto\documents\visual studio 2017\projects\gix-ide\libs\scintilla\qt\scintillaedit\x64\release\lexbullant.obj
c:\users\marchetto\documents\visual studio 2017\projects\gix-ide\libs\scintilla\qt\scintillaedit\x64\release\lexcaml.obj
c:\users\marchetto\documents\visual studio 2017\projects\gix-ide\libs\scintilla\qt\scintillaedit\x64\release\lexd.obj
c:\users\marchetto\documents\visual studio 2017\projects\gix-ide\libs\scintilla\qt\scintillaedit\x64\release\lexlatex.obj
c:\users\marchetto\documents\visual studio 2017\projects\gix-ide\libs\scintilla\qt\scintillaedit\x64\release\lexnsis.obj
c:\users\marchetto\documents\visual studio 2017\projects\gix-ide\libs\scintilla\qt\scintillaedit\x64\release\lexpascal.obj
c:\users\marchetto\documents\visual studio 2017\projects\gix-ide\libs\scintilla\qt\scintillaedit\x64\release\lexruby.obj
c:\users\marchetto\documents\visual studio 2017\projects\gix-ide\libs\scintilla\qt\scintillaedit\x64\release\lextads3.obj
c:\users\marchetto\documents\visual studio 2017\projects\gix-ide\libs\scintilla\qt\scintillaedit\x64\release\lexyaml.obj
c:\users\marchetto\documents\visual studio 2017\projects\gix-ide\libs\scintilla\qt\scintillaedit\x64\release\perline.obj
c:\users\marchetto\documents\visual studio 2017\projects\gix-ide\libs\scintilla\qt\scintillaedit\x64\release\xpm.obj
c:\users\marchetto\documents\visual studio 2017\projects\gix-ide\libs\scintilla\qt\scintillaedit\x64\release\autocomplete.obj
c:\users\marchetto\documents\visual studio 2017\projects\gix-ide\libs\scintilla\qt\scintillaedit\x64\release\lexada.obj
c:\users\marchetto\documents\visual studio 2017\projects\gix-ide\libs\scintilla\qt\scintillaedit\x64\release\lexcrontab.obj
c:\users\marchetto\documents\visual studio 2017\projects\gix-ide\libs\scintilla\qt\scintillaedit\x64\release\lexeiffel.obj
c:\users\marchetto\documents\visual studio 2017\projects\gix-ide\libs\scintilla\qt\scintillaedit\x64\release\lexhollywood.obj
c:\users\marchetto\documents\visual studio 2017\projects\gix-ide\libs\scintilla\qt\scintillaedit\x64\release\lexmysql.obj
c:\users\marchetto\documents\visual studio 2017\projects\gix-ide\libs\scintilla\qt\scintillaedit\x64\release\lexpython.obj
c:\users\marchetto\documents\visual studio 2017\projects\gix-ide\libs\scintilla\qt\scintillaedit\x64\release\propsetsimple.obj
c:\users\marchetto\documents\visual studio 2017\projects\gix-ide\libs\scintilla\qt\scintillaedit\x64\release\viewstyle.obj
c:\users\marchetto\documents\visual studio 2017\projects\gix-ide\libs\scintilla\qt\scintillaedit\x64\release\cellbuffer.obj
c:\users\marchetto\documents\visual studio 2017\projects\gix-ide\libs\scintilla\qt\scintillaedit\x64\release\lexbasic.obj
c:\users\marchetto\documents\visual studio 2017\projects\gix-ide\libs\scintilla\qt\scintillaedit\x64\release\lexecl.obj
c:\users\marchetto\documents\visual studio 2017\projects\gix-ide\libs\scintilla\qt\scintillaedit\x64\release\lexmarkdown.obj
c:\users\marchetto\documents\visual studio 2017\projects\gix-ide\libs\scintilla\qt\scintillaedit\x64\release\lexpov.obj
c:\users\marchetto\documents\visual studio 2017\projects\gix-ide\libs\scintilla\qt\scintillaedit\x64\release\lexrust.obj
c:\users\marchetto\documents\visual studio 2017\projects\gix-ide\libs\scintilla\qt\scintillaedit\x64\release\lexvisualprolog.obj
c:\users\marchetto\documents\visual studio 2017\projects\gix-ide\libs\scintilla\qt\scintillaedit\x64\release\scintillaqt.obj
c:\users\marchetto\documents\visual studio 2017\projects\gix-ide\libs\scintilla\qt\scintillaedit\x64\release\charclassify.obj
c:\users\marchetto\documents\visual studio 2017\projects\gix-ide\libs\scintilla\qt\scintillaedit\x64\release\lexapdl.obj
c:\users\marchetto\documents\visual studio 2017\projects\gix-ide\libs\scintilla\qt\scintillaedit\x64\release\lexau3.obj
c:\users\marchetto\documents\visual studio 2017\projects\gix-ide\libs\scintilla\qt\scintillaedit\x64\release\lexcpp.obj
c:\users\marchetto\documents\visual studio 2017\projects\gix-ide\libs\scintilla\qt\scintillaedit\x64\release\lexvhdl.obj
c:\users\marchetto\documents\visual studio 2017\projects\gix-ide\libs\scintilla\qt\scintillaedit\x64\release\platqt.obj
c:\users\marchetto\documents\visual studio 2017\projects\gix-ide\libs\scintilla\qt\scintillaedit\x64\release\vc142.pdb
c:\users\marchetto\documents\visual studio 2017\projects\gix-ide\libs\scintilla\qt\scintillaedit\x64\release\moc_scintillaqt.obj
c:\users\marchetto\documents\visual studio 2017\projects\gix-ide\libs\scintilla\qt\scintillaedit\x64\release\moc_scintillaeditbase.obj
c:\users\marchetto\documents\visual studio 2017\projects\gix-ide\libs\scintilla\qt\scintillaedit\x64\release\moc_scintilladocument.obj
c:\users\marchetto\documents\visual studio 2017\projects\gix-ide\libs\scintilla\qt\scintillaedit\x64\release\moc_scintillaedit.obj
c:\users\marchetto\documents\visual studio 2017\projects\gix-ide\x64\release\scintillaedit4.ilk
c:\users\marchetto\documents\visual studio 2017\projects\gix-ide\x64\release\scintillaedit4.dll
c:\users\marchetto\documents\visual studio 2017\projects\gix-ide\x64\release\scintillaedit.pdb
c:\users\marchetto\documents\visual studio 2017\projects\gix-ide\libs\scintilla\qt\scintillaedit\x64\release\moc\moc_scintilladocument.cpp
c:\users\marchetto\documents\visual studio 2017\projects\gix-ide\libs\scintilla\qt\scintillaedit\x64\release\moc\moc_scintillaedit.cpp
c:\users\marchetto\documents\visual studio 2017\projects\gix-ide\libs\scintilla\qt\scintillaedit\x64\release\moc\moc_scintillaeditbase.cpp
c:\users\marchetto\documents\visual studio 2017\projects\gix-ide\libs\scintilla\qt\scintillaedit\x64\release\moc\moc_scintillaqt.cpp
c:\users\marchetto\documents\visual studio 2017\projects\gix-ide\libs\scintilla\qt\scintillaedit\x64\release\scintillaedit_resource.res
c:\users\marchetto\documents\visual studio 2017\projects\gix-ide\x64\release\scintillaedit.lib
c:\users\marchetto\documents\visual studio 2017\projects\gix-ide\x64\release\scintillaedit.exp
c:\users\marchetto\documents\visual studio 2017\projects\gix-ide\libs\scintilla\qt\scintillaedit\x64\release\scintillaedit.tlog\cl.10940.write.1.tlog
c:\users\marchetto\documents\visual studio 2017\projects\gix-ide\libs\scintilla\qt\scintillaedit\x64\release\scintillaedit.tlog\cl.command.1.tlog
c:\users\marchetto\documents\visual studio 2017\projects\gix-ide\libs\scintilla\qt\scintillaedit\x64\release\scintillaedit.tlog\cl.read.1.tlog
c:\users\marchetto\documents\visual studio 2017\projects\gix-ide\libs\scintilla\qt\scintillaedit\x64\release\scintillaedit.tlog\link.command.1.tlog
c:\users\marchetto\documents\visual studio 2017\projects\gix-ide\libs\scintilla\qt\scintillaedit\x64\release\scintillaedit.tlog\link.read.1.tlog
c:\users\marchetto\documents\visual studio 2017\projects\gix-ide\libs\scintilla\qt\scintillaedit\x64\release\scintillaedit.tlog\link.write.1.tlog
c:\users\marchetto\documents\visual studio 2017\projects\gix-ide\libs\scintilla\qt\scintillaedit\x64\release\scintillaedit.tlog\moc.read.1u.tlog
c:\users\marchetto\documents\visual studio 2017\projects\gix-ide\libs\scintilla\qt\scintillaedit\x64\release\scintillaedit.tlog\moc.write.1u.tlog
c:\users\marchetto\documents\visual studio 2017\projects\gix-ide\libs\scintilla\qt\scintillaedit\x64\release\scintillaedit.tlog\rc.command.1.tlog
c:\users\marchetto\documents\visual studio 2017\projects\gix-ide\libs\scintilla\qt\scintillaedit\x64\release\scintillaedit.tlog\rc.read.1.tlog
c:\users\marchetto\documents\visual studio 2017\projects\gix-ide\libs\scintilla\qt\scintillaedit\x64\release\scintillaedit.tlog\rc.write.1.tlog
c:\users\marchetto\documents\visual studio 2017\projects\gix-ide\libs\scintilla\qt\scintillaedit\x64\release\scintillaedit.tlog\scintillaedit.write.1u.tlog
