Build started 16/03/2021 09:45:40.
Logging verbosity is set to: Normal.     1>Project "C:\Users\marchetto\Documents\Visual Studio 2017\Projects\gix-ide\libs\scintilla\qt\ScintillaEdit\ScintillaEdit.vcxproj" on node 2 (Build target(s)).
     1>InitializeBuildStatus:
         Touching "debug\ScintillaEdit.tlog\unsuccessfulbuild".
       QtVarsPrepare:
         Deleting file "C:\Users\marchetto\Documents\Visual Studio 2017\Projects\gix-ide\libs\scintilla\qt\ScintillaEdit\debug\qmake\qtvars_Win32_Debug.props".
       QtVars:
         WHERE /Q cl.exe
         Removing directory "C:\Users\marchetto\Documents\Visual Studio 2017\Projects\gix-ide\libs\scintilla\qt\ScintillaEdit\debug\qmake\temp".
         Creating directory "C:\Users\marchetto\Documents\Visual Studio 2017\Projects\gix-ide\libs\scintilla\qt\ScintillaEdit\debug\qmake\temp".
         
         ==== HostExec: Microsoft.Build.Tasks.Exec
         WorkingDirectory: C:\Users\marchetto\Documents\Visual Studio 2017\Projects\gix-ide\libs\scintilla\qt\ScintillaEdit\debug\qmake\temp
         Command: ("C:/Qt/5.14.2/msvc2017/bin/qmake" -query) 1> props.txt
         ("C:/Qt/5.14.2/msvc2017/bin/qmake" -query) 1> props.txt
         == OK ExitCode: 0
         
         Reading Qt configuration (C:/Qt/5.14.2/msvc2017/bin/qmake)
         
         ==== HostExec: Microsoft.Build.Tasks.Exec
         WorkingDirectory: C:\Users\marchetto\Documents\Visual Studio 2017\Projects\gix-ide\libs\scintilla\qt\ScintillaEdit\debug\qmake\temp
         Command: ("C:/Qt/5.14.2/msvc2017/bin/qmake" -early "CONFIG -= debug release debug_and_release" "CONFIG += debug" qtvars.pro) 1> qtvars.log 2>&1
         ("C:/Qt/5.14.2/msvc2017/bin/qmake" -early "CONFIG -= debug release debug_and_release" "CONFIG += debug" qtvars.pro) 1> qtvars.log 2>&1
         == OK ExitCode: 0
         
         Copying file from "C:\Users\marchetto\Documents\Visual Studio 2017\Projects\gix-ide\libs\scintilla\qt\ScintillaEdit\debug\qmake\temp\qtvars_Win32_Debug.props" to "C:\Users\marchetto\Documents\Visual Studio 2017\Projects\gix-ide\libs\scintilla\qt\ScintillaEdit\debug\qmake\qtvars_Win32_Debug.props".
     1>Project "C:\Users\marchetto\Documents\Visual Studio 2017\Projects\gix-ide\libs\scintilla\qt\ScintillaEdit\ScintillaEdit.vcxproj" (1) is building "C:\Users\marchetto\Documents\Visual Studio 2017\Projects\gix-ide\libs\scintilla\qt\ScintillaEdit\ScintillaEdit.vcxproj" (1:2) on node 2 (Build target(s)).
     1>InitializeBuildStatus:
         Touching "debug\ScintillaEdit.tlog\unsuccessfulbuild".
       CustomBuild:
         All outputs are up-to-date.
       QtRccFilterSetModified:
       Skipping target "QtRccFilterSetModified" because it has no outputs.
       QtRccFilter:
       Skipping target "QtRccFilter" because it has no outputs.
       QtQmlSetModified:
       Skipping target "QtQmlSetModified" because it has no outputs.
       QtQml:
       Skipping target "QtQml" because it has no outputs.
       QtMocSetModified:
       Skipping target "QtMocSetModified" because all output files are up-to-date with respect to the input files.
       QtMocSetModified:
       Skipping target "QtMocSetModified" because all output files are up-to-date with respect to the input files.
       QtMocSetModified:
       Skipping target "QtMocSetModified" because all output files are up-to-date with respect to the input files.
       QtMocSetModified:
       Skipping target "QtMocSetModified" because all output files are up-to-date with respect to the input files.
       QtWork:
         Moc'ing ScintillaDocument.h...
         Moc'ing ScintillaEdit.h...
         Moc'ing ..\ScintillaEditBase\ScintillaEditBase.h...
         Moc'ing ..\ScintillaEditBase\ScintillaQt.h...
       ClCompile:
         C:\Program Files (x86)\Microsoft Visual Studio\2019\Community\VC\Tools\MSVC\14.28.29910\bin\HostX86\x86\CL.exe /c /IDebug /I.\GeneratedFiles\Debug /I.\GeneratedFiles /I. /I..\ScintillaEditBase /I..\..\include /I..\..\src /I..\..\lexlib /Idebug /I/include /I"C:\Qt\5.14.2\msvc2017\mkspecs\win32-msvc" /I"C:\Users\marchetto\Documents\Visual Studio 2017\Projects\gix-ide\libs\scintilla\qt\ScintillaEdit\debug\qmake\temp" /IC:\Qt\5.14.2\msvc2017\include /IC:\Qt\5.14.2\msvc2017\include\QtWidgets /IC:\Qt\5.14.2\msvc2017\include\QtGui /IC:\Qt\5.14.2\msvc2017\include\QtANGLE /IC:\Qt\5.14.2\msvc2017\include\QtCore /I/include /I"C:\Qt\5.14.2\msvc2017\mkspecs\win32-msvc" /IDebug /Zi /nologo /W3 /WX- /diagnostics:column /MP /Od /Oy- /D _WINDOWS /D WIN32 /D _ENABLE_EXTENDED_ALIGNED_STORAGE /D SCINTILLA_QT=1 /D MAKING_LIBRARY=1 /D SCI_LEXER=1 /D _CRT_SECURE_NO_DEPRECATE=1 /D UNICODE /D _UNICODE /D WIN32 /D _ENABLE_EXTENDED_ALIGNED_STORAGE /D QT_WIDGETS_LIB /D QT_GUI_LIB /D QT_CORE_LIB /D _WINDLL /Gm- /EHsc /MDd /GS /fp:precise /Zc:wchar_t /Zc:forScope /Zc:inline /std:c++17 /Fo"debug\\" /Fd"debug\vc142.pdb" /Gd /TP /wd4577 /wd4467 /analyze- /FC /errorReport:prompt -Zc:rvalueCast -Zc:inline -Zc:strictStrings -Zc:throwingNew -Zc:referenceBinding -Zc:__cplusplus -w34100 -w34189 -w44996 -w44456 -w44457 -w44458 ..\..\lexlib\Accessor.cxx ..\..\src\AutoComplete.cxx ..\..\src\CallTip.cxx ..\..\src\CaseConvert.cxx ..\..\src\CaseFolder.cxx ..\..\src\Catalogue.cxx ..\..\src\CellBuffer.cxx ..\..\src\CharClassify.cxx ..\..\lexlib\CharacterCategory.cxx ..\..\lexlib\CharacterSet.cxx ..\..\src\ContractionState.cxx ..\..\src\DBCS.cxx ..\..\src\Decoration.cxx ..\..\lexlib\DefaultLexer.cxx ..\..\src\Document.cxx ..\..\src\EditModel.cxx ..\..\src\EditView.cxx ..\..\src\Editor.cxx ..\..\src\ExternalLexer.cxx ..\..\src\Indicator.cxx ..\..\src\KeyMap.cxx ..\..\lexers\LexA68k.cxx ..\..\lexers\LexAPDL.cxx ..\..\lexers\LexASY.cxx ..\..\lexers\LexAU3.cxx ..\..\lexers\LexAVE.cxx ..\..\lexers\LexAVS.cxx ..\..\lexers\LexAbaqus.cxx ..\..\lexers\LexAda.cxx ..\..\lexers\LexAsm.cxx ..\..\lexers\LexAsn1.cxx ..\..\lexers\LexBaan.cxx ..\..\lexers\LexBash.cxx ..\..\lexers\LexBasic.cxx ..\..\lexers\LexBatch.cxx ..\..\lexers\LexBibTeX.cxx ..\..\lexers\LexBullant.cxx ..\..\lexers\LexCIL.cxx ..\..\lexers\LexCLW.cxx ..\..\lexers\LexCOBOL.cxx ..\..\lexers\LexCPP.cxx ..\..\lexers\LexCSS.cxx ..\..\lexers\LexCaml.cxx ..\..\lexers\LexCmake.cxx ..\..\lexers\LexCoffeeScript.cxx ..\..\lexers\LexConf.cxx ..\..\lexers\LexCrontab.cxx ..\..\lexers\LexCsound.cxx ..\..\lexers\LexD.cxx ..\..\lexers\LexDMAP.cxx ..\..\lexers\LexDMIS.cxx ..\..\lexers\LexDataflex.cxx ..\..\lexers\LexDiff.cxx ..\..\lexers\LexECL.cxx ..\..\lexers\LexEDIFACT.cxx ..\..\lexers\LexEScript.cxx ..\..\lexers\LexEiffel.cxx ..\..\lexers\LexErlang.cxx ..\..\lexers\LexErrorList.cxx ..\..\lexers\LexFlagship.cxx ..\..\lexers\LexForth.cxx ..\..\lexers\LexFortran.cxx ..\..\lexers\LexGAP.cxx ..\..\lexers\LexGui4Cli.cxx ..\..\lexers\LexHTML.cxx ..\..\lexers\LexHaskell.cxx ..\..\lexers\LexHex.cxx ..\..\lexers\LexHollywood.cxx ..\..\lexers\LexIndent.cxx ..\..\lexers\LexInno.cxx ..\..\lexers\LexJSON.cxx ..\..\lexers\LexKVIrc.cxx ..\..\lexers\LexKix.cxx ..\..\lexers\LexLaTeX.cxx ..\..\lexers\LexLisp.cxx ..\..\lexers\LexLout.cxx ..\..\lexers\LexLua.cxx ..\..\lexers\LexMMIXAL.cxx ..\..\lexers\LexMPT.cxx ..\..\lexers\LexMSSQL.cxx ..\..\lexers\LexMagik.cxx ..\..\lexers\LexMake.cxx ..\..\lexers\LexMarkdown.cxx ..\..\lexers\LexMatlab.cxx ..\..\lexers\LexMaxima.cxx ..\..\lexers\LexMetapost.cxx ..\..\lexers\LexModula.cxx ..\..\lexers\LexMySQL.cxx ..\..\lexers\LexNim.cxx ..\..\lexers\LexNimrod.cxx ..\..\lexers\LexNsis.cxx ..\..\lexers\LexNull.cxx ..\..\lexers\LexOScript.cxx ..\..\lexers\LexOpal.cxx ..\..\lexers\LexPB.cxx ..\..\lexers\LexPLM.cxx ..\..\lexers\LexPO.cxx ..\..\lexers\LexPOV.cxx ..\..\lexers\LexPS.cxx ..\..\lexers\LexPascal.cxx ..\..\lexers\LexPerl.cxx ..\..\lexers\LexPowerPro.cxx ..\..\lexers\LexPowerShell.cxx ..\..\lexers\LexProgress.cxx ..\..\lexers\LexProps.cxx ..\..\lexers\LexPython.cxx ..\..\lexers\LexR.cxx ..\..\lexers\LexRaku.cxx ..\..\lexers\LexRebol.cxx ..\..\lexers\LexRegistry.cxx ..\..\lexers\LexRuby.cxx ..\..\lexers\LexRust.cxx ..\..\lexers\LexSAS.cxx ..\..\lexers\LexSML.cxx ..\..\lexers\LexSQL.cxx ..\..\lexers\LexSTTXT.cxx ..\..\lexers\LexScriptol.cxx ..\..\lexers\LexSmalltalk.cxx ..\..\lexers\LexSorcus.cxx ..\..\lexers\LexSpecman.cxx ..\..\lexers\LexSpice.cxx ..\..\lexers\LexStata.cxx ..\..\lexers\LexTACL.cxx ..\..\lexers\LexTADS3.cxx ..\..\lexers\LexTAL.cxx ..\..\lexers\LexTCL.cxx ..\..\lexers\LexTCMD.cxx ..\..\lexers\LexTeX.cxx ..\..\lexers\LexTxt2tags.cxx ..\..\lexers\LexVB.cxx ..\..\lexers\LexVHDL.cxx ..\..\lexers\LexVerilog.cxx ..\..\lexers\LexVisualProlog.cxx ..\..\lexers\LexX12.cxx ..\..\lexers\LexYAML.cxx ..\..\lexlib\LexerBase.cxx ..\..\lexlib\LexerModule.cxx ..\..\lexlib\LexerNoExceptions.cxx ..\..\lexlib\LexerSimple.cxx ..\..\src\LineMarker.cxx ..\..\src\MarginView.cxx ..\..\src\PerLine.cxx ..\ScintillaEditBase\PlatQt.cpp ..\..\src\PositionCache.cxx ..\..\lexlib\PropSetSimple.cxx ..\..\src\RESearch.cxx ..\..\src\RunStyles.cxx ..\..\src\ScintillaBase.cxx ScintillaDocument.cpp ScintillaEdit.cpp ..\ScintillaEditBase\ScintillaEditBase.cpp ..\ScintillaEditBase\ScintillaQt.cpp ..\..\src\Selection.cxx ..\..\src\Style.cxx ..\..\lexlib\StyleContext.cxx ..\..\src\UniConversion.cxx ..\..\src\UniqueString.cxx ..\..\src\ViewStyle.cxx ..\..\lexlib\WordList.cxx ..\..\src\XPM.cxx
         Accessor.cxx
         AutoComplete.cxx
         CallTip.cxx
         CaseConvert.cxx
         CaseFolder.cxx
         Catalogue.cxx
         CellBuffer.cxx
         CharClassify.cxx
         CharacterCategory.cxx
         CharacterSet.cxx
         ContractionState.cxx
         DBCS.cxx
         Decoration.cxx
         DefaultLexer.cxx
         Document.cxx
         EditModel.cxx
         EditView.cxx
         Editor.cxx
         ExternalLexer.cxx
         Indicator.cxx
         KeyMap.cxx
         LexA68k.cxx
         LexAPDL.cxx
         LexASY.cxx
         LexAU3.cxx
         LexAVE.cxx
         LexAVS.cxx
         LexAbaqus.cxx
         LexAda.cxx
         LexAsm.cxx
         LexAsn1.cxx
         LexBaan.cxx
         LexBash.cxx
         LexBasic.cxx
         LexBatch.cxx
         LexBibTeX.cxx
         LexBullant.cxx
         LexCIL.cxx
         LexCLW.cxx
         LexCOBOL.cxx
         LexCPP.cxx
         LexCSS.cxx
         LexCaml.cxx
         LexCmake.cxx
         LexCoffeeScript.cxx
         LexConf.cxx
         LexCrontab.cxx
         LexCsound.cxx
         LexD.cxx
         LexDMAP.cxx
         LexDMIS.cxx
         LexDataflex.cxx
         LexDiff.cxx
         LexECL.cxx
         LexEDIFACT.cxx
         LexEScript.cxx
         LexEiffel.cxx
         LexErlang.cxx
         LexErrorList.cxx
         LexFlagship.cxx
         LexForth.cxx
         LexFortran.cxx
         LexGAP.cxx
         LexGui4Cli.cxx
         LexHTML.cxx
         LexHaskell.cxx
         LexHex.cxx
         LexHollywood.cxx
         LexIndent.cxx
         LexInno.cxx
         LexJSON.cxx
         LexKVIrc.cxx
         LexKix.cxx
         LexLaTeX.cxx
         LexLisp.cxx
         LexLout.cxx
         LexLua.cxx
         LexMMIXAL.cxx
         LexMPT.cxx
         LexMSSQL.cxx
         LexMagik.cxx
         LexMake.cxx
         LexMarkdown.cxx
         LexMatlab.cxx
         LexMaxima.cxx
         LexMetapost.cxx
         LexModula.cxx
         LexMySQL.cxx
         LexNim.cxx
         LexNimrod.cxx
         LexNsis.cxx
         LexNull.cxx
         LexOScript.cxx
         LexOpal.cxx
         LexPB.cxx
         LexPLM.cxx
         LexPO.cxx
         LexPOV.cxx
         LexPS.cxx
         LexPascal.cxx
         LexPerl.cxx
         LexPowerPro.cxx
         LexPowerShell.cxx
         LexProgress.cxx
         LexProps.cxx
         LexPython.cxx
         LexR.cxx
         LexRaku.cxx
         LexRebol.cxx
         LexRegistry.cxx
         LexRuby.cxx
         LexRust.cxx
         LexSAS.cxx
         LexSML.cxx
         LexSQL.cxx
         LexSTTXT.cxx
         LexScriptol.cxx
         LexSmalltalk.cxx
         LexSorcus.cxx
         LexSpecman.cxx
         LexSpice.cxx
         LexStata.cxx
         LexTACL.cxx
         LexTADS3.cxx
         LexTAL.cxx
         LexTCL.cxx
         LexTCMD.cxx
         LexTeX.cxx
         LexTxt2tags.cxx
         LexVB.cxx
         LexVHDL.cxx
         LexVerilog.cxx
         LexVisualProlog.cxx
         LexX12.cxx
         LexYAML.cxx
         LexerBase.cxx
         LexerModule.cxx
         LexerNoExceptions.cxx
         LexerSimple.cxx
         LineMarker.cxx
         MarginView.cxx
         PerLine.cxx
         PlatQt.cpp
         PositionCache.cxx
         PropSetSimple.cxx
         RESearch.cxx
         RunStyles.cxx
         ScintillaBase.cxx
         ScintillaDocument.cpp
         ScintillaEdit.cpp
         ScintillaEditBase.cpp
         ScintillaQt.cpp
         Selection.cxx
         Style.cxx
         StyleContext.cxx
         UniConversion.cxx
         UniqueString.cxx
         ViewStyle.cxx
         WordList.cxx
         XPM.cxx
         C:\Program Files (x86)\Microsoft Visual Studio\2019\Community\VC\Tools\MSVC\14.28.29910\bin\HostX86\x86\CL.exe /c /IDebug /I"C:\Users\marchetto\Documents\Visual Studio 2017\Projects\gix-ide\libs\scintilla\qt\ScintillaEdit\\" /I.\GeneratedFiles\Debug /I.\GeneratedFiles /I. /I..\ScintillaEditBase /I..\..\include /I..\..\src /I..\..\lexlib /Idebug /I/include /I"C:\Qt\5.14.2\msvc2017\mkspecs\win32-msvc" /I"C:\Users\marchetto\Documents\Visual Studio 2017\Projects\gix-ide\libs\scintilla\qt\ScintillaEdit\debug\qmake\temp" /IC:\Qt\5.14.2\msvc2017\include /IC:\Qt\5.14.2\msvc2017\include\QtWidgets /IC:\Qt\5.14.2\msvc2017\include\QtGui /IC:\Qt\5.14.2\msvc2017\include\QtANGLE /IC:\Qt\5.14.2\msvc2017\include\QtCore /I/include /I"C:\Qt\5.14.2\msvc2017\mkspecs\win32-msvc" /IDebug /Zi /nologo /W3 /WX- /diagnostics:column /MP /Od /Oy- /D _WINDOWS /D WIN32 /D _ENABLE_EXTENDED_ALIGNED_STORAGE /D SCINTILLA_QT=1 /D MAKING_LIBRARY=1 /D SCI_LEXER=1 /D _CRT_SECURE_NO_DEPRECATE=1 /D UNICODE /D _UNICODE /D WIN32 /D _ENABLE_EXTENDED_ALIGNED_STORAGE /D QT_WIDGETS_LIB /D QT_GUI_LIB /D QT_CORE_LIB /D _WINDLL /Gm- /EHsc /MDd /GS /fp:precise /Zc:wchar_t /Zc:forScope /Zc:inline /std:c++17 /Fo"debug\\" /Fd"debug\vc142.pdb" /Gd /TP /wd4577 /wd4467 /analyze- /FC /errorReport:prompt -Zc:rvalueCast -Zc:inline -Zc:strictStrings -Zc:throwingNew -Zc:referenceBinding -Zc:__cplusplus -w34100 -w34189 -w44996 -w44456 -w44457 -w44458 Debug\moc_ScintillaDocument.cpp Debug\moc_ScintillaEdit.cpp Debug\moc_ScintillaEditBase.cpp Debug\moc_ScintillaQt.cpp
         moc_ScintillaDocument.cpp
         moc_ScintillaEdit.cpp
         moc_ScintillaEditBase.cpp
         moc_ScintillaQt.cpp
       ResourceCompile:
         All outputs are up-to-date.
       Link:
         C:\Program Files (x86)\Microsoft Visual Studio\2019\Community\VC\Tools\MSVC\14.28.29910\bin\HostX86\x86\link.exe /ERRORREPORT:PROMPT /OUT:"..\..\..\..\Win32\Debug\\ScintillaEdit4.dll" /VERSION:"4.3" /NOLOGO /LIBPATH:C:\opensslx86\lib /LIBPATH:"C:\Utils\my_sql\mysql-5.7.25-win32\lib" /LIBPATH:C:\Utils\postgresqlx86\pgsql\lib C:\Qt\5.14.2\msvc2017\lib\Qt5Widgetsd.lib C:\Qt\5.14.2\msvc2017\lib\Qt5Guid.lib C:\Qt\5.14.2\msvc2017\lib\Qt5Cored.lib C:\Qt\5.14.2\msvc2017\lib\qtmaind.lib shell32.lib kernel32.lib user32.lib gdi32.lib winspool.lib comdlg32.lib advapi32.lib shell32.lib ole32.lib oleaut32.lib uuid.lib odbc32.lib odbccp32.lib /MANIFEST /MANIFESTUAC:"level='asInvoker' uiAccess='false'" /manifest:embed /DEBUG /PDB:"..\..\..\..\Win32\Debug\ScintillaEdit4.pdb" /SUBSYSTEM:WINDOWS /TLBID:1 /DYNAMICBASE /NXCOMPAT /MACHINE:X86 /SAFESEH /DLL debug\ScintillaEdit_resource.res
         debug\Accessor.obj
         debug\AutoComplete.obj
         debug\CallTip.obj
         debug\CaseConvert.obj
         debug\CaseFolder.obj
         debug\Catalogue.obj
         debug\CellBuffer.obj
         debug\CharClassify.obj
         debug\CharacterCategory.obj
         debug\CharacterSet.obj
         debug\ContractionState.obj
         debug\DBCS.obj
         debug\Decoration.obj
         debug\DefaultLexer.obj
         debug\Document.obj
         debug\EditModel.obj
         debug\EditView.obj
         debug\Editor.obj
         debug\ExternalLexer.obj
         debug\Indicator.obj
         debug\KeyMap.obj
         debug\LexA68k.obj
         debug\LexAPDL.obj
         debug\LexASY.obj
         debug\LexAU3.obj
         debug\LexAVE.obj
         debug\LexAVS.obj
         debug\LexAbaqus.obj
         debug\LexAda.obj
         debug\LexAsm.obj
         debug\LexAsn1.obj
         debug\LexBaan.obj
         debug\LexBash.obj
         debug\LexBasic.obj
         debug\LexBatch.obj
         debug\LexBibTeX.obj
         debug\LexBullant.obj
         debug\LexCIL.obj
         debug\LexCLW.obj
         debug\LexCOBOL.obj
         debug\LexCPP.obj
         debug\LexCSS.obj
         debug\LexCaml.obj
         debug\LexCmake.obj
         debug\LexCoffeeScript.obj
         debug\LexConf.obj
         debug\LexCrontab.obj
         debug\LexCsound.obj
         debug\LexD.obj
         debug\LexDMAP.obj
         debug\LexDMIS.obj
         debug\LexDataflex.obj
         debug\LexDiff.obj
         debug\LexECL.obj
         debug\LexEDIFACT.obj
         debug\LexEScript.obj
         debug\LexEiffel.obj
         debug\LexErlang.obj
         debug\LexErrorList.obj
         debug\LexFlagship.obj
         debug\LexForth.obj
         debug\LexFortran.obj
         debug\LexGAP.obj
         debug\LexGui4Cli.obj
         debug\LexHTML.obj
         debug\LexHaskell.obj
         debug\LexHex.obj
         debug\LexHollywood.obj
         debug\LexIndent.obj
         debug\LexInno.obj
         debug\LexJSON.obj
         debug\LexKVIrc.obj
         debug\LexKix.obj
         debug\LexLaTeX.obj
         debug\LexLisp.obj
         debug\LexLout.obj
         debug\LexLua.obj
         debug\LexMMIXAL.obj
         debug\LexMPT.obj
         debug\LexMSSQL.obj
         debug\LexMagik.obj
         debug\LexMake.obj
         debug\LexMarkdown.obj
         debug\LexMatlab.obj
         debug\LexMaxima.obj
         debug\LexMetapost.obj
         debug\LexModula.obj
         debug\LexMySQL.obj
         debug\LexNim.obj
         debug\LexNimrod.obj
         debug\LexNsis.obj
         debug\LexNull.obj
         debug\LexOScript.obj
         debug\LexOpal.obj
         debug\LexPB.obj
         debug\LexPLM.obj
         debug\LexPO.obj
         debug\LexPOV.obj
         debug\LexPS.obj
         debug\LexPascal.obj
         debug\LexPerl.obj
         debug\LexPowerPro.obj
         debug\LexPowerShell.obj
         debug\LexProgress.obj
         debug\LexProps.obj
         debug\LexPython.obj
         debug\LexR.obj
         debug\LexRaku.obj
         debug\LexRebol.obj
         debug\LexRegistry.obj
         debug\LexRuby.obj
         debug\LexRust.obj
         debug\LexSAS.obj
         debug\LexSML.obj
         debug\LexSQL.obj
         debug\LexSTTXT.obj
         debug\LexScriptol.obj
         debug\LexSmalltalk.obj
         debug\LexSorcus.obj
         debug\LexSpecman.obj
         debug\LexSpice.obj
         debug\LexStata.obj
         debug\LexTACL.obj
         debug\LexTADS3.obj
         debug\LexTAL.obj
         debug\LexTCL.obj
         debug\LexTCMD.obj
         debug\LexTeX.obj
         debug\LexTxt2tags.obj
         debug\LexVB.obj
         debug\LexVHDL.obj
         debug\LexVerilog.obj
         debug\LexVisualProlog.obj
         debug\LexX12.obj
         debug\LexYAML.obj
         debug\LexerBase.obj
         debug\LexerModule.obj
         debug\LexerNoExceptions.obj
         debug\LexerSimple.obj
         debug\LineMarker.obj
         debug\MarginView.obj
         debug\PerLine.obj
         debug\PlatQt.obj
         debug\PositionCache.obj
         debug\PropSetSimple.obj
         debug\RESearch.obj
         debug\RunStyles.obj
         debug\ScintillaBase.obj
         debug\ScintillaDocument.obj
         debug\ScintillaEdit.obj
         debug\ScintillaEditBase.obj
         debug\ScintillaQt.obj
         debug\Selection.obj
         debug\Style.obj
         debug\StyleContext.obj
         debug\UniConversion.obj
         debug\UniqueString.obj
         debug\ViewStyle.obj
         debug\WordList.obj
         debug\XPM.obj
         debug\moc_ScintillaDocument.obj
         debug\moc_ScintillaEdit.obj
         debug\moc_ScintillaEditBase.obj
         debug\moc_ScintillaQt.obj
            Creating library ..\..\..\..\Win32\Debug\\ScintillaEdit4.lib and object ..\..\..\..\Win32\Debug\\ScintillaEdit4.exp
         ScintillaEdit.vcxproj -> C:\Users\marchetto\Documents\Visual Studio 2017\Projects\gix-ide\Win32\Debug\ScintillaEdit4.dll
       FinalizeBuildStatus:
         Deleting file "debug\ScintillaEdit.tlog\unsuccessfulbuild".
         Touching "debug\ScintillaEdit.tlog\ScintillaEdit.lastbuildstate".
     1>Done Building Project "C:\Users\marchetto\Documents\Visual Studio 2017\Projects\gix-ide\libs\scintilla\qt\ScintillaEdit\ScintillaEdit.vcxproj" (Build target(s)).
     1>FinalizeBuildStatus:
         Touching "debug\ScintillaEdit.tlog\ScintillaEdit.lastbuildstate".
     1>Done Building Project "C:\Users\marchetto\Documents\Visual Studio 2017\Projects\gix-ide\libs\scintilla\qt\ScintillaEdit\ScintillaEdit.vcxproj" (Build target(s)).

Build succeeded.
    0 Warning(s)
    0 Error(s)

Time Elapsed 00:00:09.88
