c:\users\marchetto\documents\visual studio 2017\projects\gix-ide\libs\scintilla\qt\scintillaedit\debug\moc_scintillaqt.obj
c:\users\marchetto\documents\visual studio 2017\projects\gix-ide\libs\scintilla\qt\scintillaedit\debug\moc_scintillaeditbase.obj
c:\users\marchetto\documents\visual studio 2017\projects\gix-ide\libs\scintilla\qt\scintillaedit\debug\moc_scintilladocument.obj
c:\users\marchetto\documents\visual studio 2017\projects\gix-ide\libs\scintilla\qt\scintillaedit\debug\moc_scintillaedit.obj
c:\users\marchetto\documents\visual studio 2017\projects\gix-ide\libs\scintilla\qt\scintillaedit\debug\editmodel.obj
c:\users\marchetto\documents\visual studio 2017\projects\gix-ide\libs\scintilla\qt\scintillaedit\debug\lexclw.obj
c:\users\marchetto\documents\visual studio 2017\projects\gix-ide\libs\scintilla\qt\scintillaedit\debug\lexcoffeescript.obj
c:\users\marchetto\documents\visual studio 2017\projects\gix-ide\libs\scintilla\qt\scintillaedit\debug\lexerrorlist.obj
c:\users\marchetto\documents\visual studio 2017\projects\gix-ide\libs\scintilla\qt\scintillaedit\debug\lexinno.obj
c:\users\marchetto\documents\visual studio 2017\projects\gix-ide\libs\scintilla\qt\scintillaedit\debug\lexmmixal.obj
c:\users\marchetto\documents\visual studio 2017\projects\gix-ide\libs\scintilla\qt\scintillaedit\debug\lexnsis.obj
c:\users\marchetto\documents\visual studio 2017\projects\gix-ide\libs\scintilla\qt\scintillaedit\debug\lexperl.obj
c:\users\marchetto\documents\visual studio 2017\projects\gix-ide\libs\scintilla\qt\scintillaedit\debug\lexerbase.obj
c:\users\marchetto\documents\visual studio 2017\projects\gix-ide\libs\scintilla\qt\scintillaedit\debug\research.obj
c:\users\marchetto\documents\visual studio 2017\projects\gix-ide\libs\scintilla\qt\scintillaedit\debug\uniconversion.obj
c:\users\marchetto\documents\visual studio 2017\projects\gix-ide\libs\scintilla\qt\scintillaedit\debug\characterset.obj
c:\users\marchetto\documents\visual studio 2017\projects\gix-ide\libs\scintilla\qt\scintillaedit\debug\indicator.obj
c:\users\marchetto\documents\visual studio 2017\projects\gix-ide\libs\scintilla\qt\scintillaedit\debug\lexcobol.obj
c:\users\marchetto\documents\visual studio 2017\projects\gix-ide\libs\scintilla\qt\scintillaedit\debug\lexconf.obj
c:\users\marchetto\documents\visual studio 2017\projects\gix-ide\libs\scintilla\qt\scintillaedit\debug\lexdmis.obj
c:\users\marchetto\documents\visual studio 2017\projects\gix-ide\libs\scintilla\qt\scintillaedit\debug\lexforth.obj
c:\users\marchetto\documents\visual studio 2017\projects\gix-ide\libs\scintilla\qt\scintillaedit\debug\lexlatex.obj
c:\users\marchetto\documents\visual studio 2017\projects\gix-ide\libs\scintilla\qt\scintillaedit\debug\lexpowershell.obj
c:\users\marchetto\documents\visual studio 2017\projects\gix-ide\libs\scintilla\qt\scintillaedit\debug\lexsttxt.obj
c:\users\marchetto\documents\visual studio 2017\projects\gix-ide\libs\scintilla\qt\scintillaedit\debug\lexspice.obj
c:\users\marchetto\documents\visual studio 2017\projects\gix-ide\libs\scintilla\qt\scintillaedit\debug\scintillabase.obj
c:\users\marchetto\documents\visual studio 2017\projects\gix-ide\libs\scintilla\qt\scintillaedit\debug\cellbuffer.obj
c:\users\marchetto\documents\visual studio 2017\projects\gix-ide\libs\scintilla\qt\scintillaedit\debug\lexbaan.obj
c:\users\marchetto\documents\visual studio 2017\projects\gix-ide\libs\scintilla\qt\scintillaedit\debug\lexescript.obj
c:\users\marchetto\documents\visual studio 2017\projects\gix-ide\libs\scintilla\qt\scintillaedit\debug\lexhaskell.obj
c:\users\marchetto\documents\visual studio 2017\projects\gix-ide\libs\scintilla\qt\scintillaedit\debug\lexplm.obj
c:\users\marchetto\documents\visual studio 2017\projects\gix-ide\libs\scintilla\qt\scintillaedit\debug\lexscriptol.obj
c:\users\marchetto\documents\visual studio 2017\projects\gix-ide\libs\scintilla\qt\scintillaedit\debug\lextacl.obj
c:\users\marchetto\documents\visual studio 2017\projects\gix-ide\libs\scintilla\qt\scintillaedit\debug\lexvhdl.obj
c:\users\marchetto\documents\visual studio 2017\projects\gix-ide\libs\scintilla\qt\scintillaedit\debug\perline.obj
c:\users\marchetto\documents\visual studio 2017\projects\gix-ide\libs\scintilla\qt\scintillaedit\debug\viewstyle.obj
c:\users\marchetto\documents\visual studio 2017\projects\gix-ide\libs\scintilla\qt\scintillaedit\debug\charactercategory.obj
c:\users\marchetto\documents\visual studio 2017\projects\gix-ide\libs\scintilla\qt\scintillaedit\debug\keymap.obj
c:\users\marchetto\documents\visual studio 2017\projects\gix-ide\libs\scintilla\qt\scintillaedit\debug\lexcmake.obj
c:\users\marchetto\documents\visual studio 2017\projects\gix-ide\libs\scintilla\qt\scintillaedit\debug\lexdmap.obj
c:\users\marchetto\documents\visual studio 2017\projects\gix-ide\libs\scintilla\qt\scintillaedit\debug\lexeiffel.obj
c:\users\marchetto\documents\visual studio 2017\projects\gix-ide\libs\scintilla\qt\scintillaedit\debug\lexhex.obj
c:\users\marchetto\documents\visual studio 2017\projects\gix-ide\libs\scintilla\qt\scintillaedit\debug\lexlua.obj
c:\users\marchetto\documents\visual studio 2017\projects\gix-ide\libs\scintilla\qt\scintillaedit\debug\lexprogress.obj
c:\users\marchetto\documents\visual studio 2017\projects\gix-ide\libs\scintilla\qt\scintillaedit\debug\lexyaml.obj
c:\users\marchetto\documents\visual studio 2017\projects\gix-ide\libs\scintilla\qt\scintillaedit\debug\propsetsimple.obj
c:\users\marchetto\documents\visual studio 2017\projects\gix-ide\libs\scintilla\qt\scintillaedit\debug\wordlist.obj
c:\users\marchetto\documents\visual studio 2017\projects\gix-ide\libs\scintilla\qt\scintillaedit\debug\charclassify.obj
c:\users\marchetto\documents\visual studio 2017\projects\gix-ide\libs\scintilla\qt\scintillaedit\debug\lexa68k.obj
c:\users\marchetto\documents\visual studio 2017\projects\gix-ide\libs\scintilla\qt\scintillaedit\debug\lexabaqus.obj
c:\users\marchetto\documents\visual studio 2017\projects\gix-ide\libs\scintilla\qt\scintillaedit\debug\lexbullant.obj
c:\users\marchetto\documents\visual studio 2017\projects\gix-ide\libs\scintilla\qt\scintillaedit\debug\lexcaml.obj
c:\users\marchetto\documents\visual studio 2017\projects\gix-ide\libs\scintilla\qt\scintillaedit\debug\lexcrontab.obj
c:\users\marchetto\documents\visual studio 2017\projects\gix-ide\libs\scintilla\qt\scintillaedit\debug\lexdataflex.obj
c:\users\marchetto\documents\visual studio 2017\projects\gix-ide\libs\scintilla\qt\scintillaedit\debug\lexgap.obj
c:\users\marchetto\documents\visual studio 2017\projects\gix-ide\libs\scintilla\qt\scintillaedit\debug\lexjson.obj
c:\users\marchetto\documents\visual studio 2017\projects\gix-ide\libs\scintilla\qt\scintillaedit\debug\lexpython.obj
c:\users\marchetto\documents\visual studio 2017\projects\gix-ide\libs\scintilla\qt\scintillaedit\debug\scintillaedit.obj
c:\users\marchetto\documents\visual studio 2017\projects\gix-ide\libs\scintilla\qt\scintillaedit\debug\document.obj
c:\users\marchetto\documents\visual studio 2017\projects\gix-ide\libs\scintilla\qt\scintillaedit\debug\lexmssql.obj
c:\users\marchetto\documents\visual studio 2017\projects\gix-ide\libs\scintilla\qt\scintillaedit\debug\lexmysql.obj
c:\users\marchetto\documents\visual studio 2017\projects\gix-ide\libs\scintilla\qt\scintillaedit\debug\lexps.obj
c:\users\marchetto\documents\visual studio 2017\projects\gix-ide\libs\scintilla\qt\scintillaedit\debug\lexruby.obj
c:\users\marchetto\documents\visual studio 2017\projects\gix-ide\libs\scintilla\qt\scintillaedit\debug\lexsmalltalk.obj
c:\users\marchetto\documents\visual studio 2017\projects\gix-ide\libs\scintilla\qt\scintillaedit\debug\lextcl.obj
c:\users\marchetto\documents\visual studio 2017\projects\gix-ide\libs\scintilla\qt\scintillaedit\debug\lexx12.obj
c:\users\marchetto\documents\visual studio 2017\projects\gix-ide\libs\scintilla\qt\scintillaedit\debug\scintillaeditbase.obj
c:\users\marchetto\documents\visual studio 2017\projects\gix-ide\libs\scintilla\qt\scintillaedit\debug\calltip.obj
c:\users\marchetto\documents\visual studio 2017\projects\gix-ide\libs\scintilla\qt\scintillaedit\debug\lexau3.obj
c:\users\marchetto\documents\visual studio 2017\projects\gix-ide\libs\scintilla\qt\scintillaedit\debug\lexbasic.obj
c:\users\marchetto\documents\visual studio 2017\projects\gix-ide\libs\scintilla\qt\scintillaedit\debug\lexecl.obj
c:\users\marchetto\documents\visual studio 2017\projects\gix-ide\libs\scintilla\qt\scintillaedit\debug\lexmetapost.obj
c:\users\marchetto\documents\visual studio 2017\projects\gix-ide\libs\scintilla\qt\scintillaedit\debug\lexpov.obj
c:\users\marchetto\documents\visual studio 2017\projects\gix-ide\libs\scintilla\qt\scintillaedit\debug\lexrebol.obj
c:\users\marchetto\documents\visual studio 2017\projects\gix-ide\libs\scintilla\qt\scintillaedit\debug\lexspecman.obj
c:\users\marchetto\documents\visual studio 2017\projects\gix-ide\libs\scintilla\qt\scintillaedit\debug\lextex.obj
c:\users\marchetto\documents\visual studio 2017\projects\gix-ide\libs\scintilla\qt\scintillaedit\debug\lexersimple.obj
c:\users\marchetto\documents\visual studio 2017\projects\gix-ide\libs\scintilla\qt\scintillaedit\debug\style.obj
c:\users\marchetto\documents\visual studio 2017\projects\gix-ide\libs\scintilla\qt\scintillaedit\debug\caseconvert.obj
c:\users\marchetto\documents\visual studio 2017\projects\gix-ide\libs\scintilla\qt\scintillaedit\debug\lexavs.obj
c:\users\marchetto\documents\visual studio 2017\projects\gix-ide\libs\scintilla\qt\scintillaedit\debug\lexcil.obj
c:\users\marchetto\documents\visual studio 2017\projects\gix-ide\libs\scintilla\qt\scintillaedit\debug\lexgui4cli.obj
c:\users\marchetto\documents\visual studio 2017\projects\gix-ide\libs\scintilla\qt\scintillaedit\debug\lexkix.obj
c:\users\marchetto\documents\visual studio 2017\projects\gix-ide\libs\scintilla\qt\scintillaedit\debug\lexmatlab.obj
c:\users\marchetto\documents\visual studio 2017\projects\gix-ide\libs\scintilla\qt\scintillaedit\debug\lexnull.obj
c:\users\marchetto\documents\visual studio 2017\projects\gix-ide\libs\scintilla\qt\scintillaedit\debug\lexprops.obj
c:\users\marchetto\documents\visual studio 2017\projects\gix-ide\libs\scintilla\qt\scintillaedit\debug\lextxt2tags.obj
c:\users\marchetto\documents\visual studio 2017\projects\gix-ide\libs\scintilla\qt\scintillaedit\debug\linemarker.obj
c:\users\marchetto\documents\visual studio 2017\projects\gix-ide\libs\scintilla\qt\scintillaedit\debug\stylecontext.obj
c:\users\marchetto\documents\visual studio 2017\projects\gix-ide\libs\scintilla\qt\scintillaedit\debug\uniquestring.obj
c:\users\marchetto\documents\visual studio 2017\projects\gix-ide\libs\scintilla\qt\scintillaedit\debug\autocomplete.obj
c:\users\marchetto\documents\visual studio 2017\projects\gix-ide\libs\scintilla\qt\scintillaedit\debug\lexapdl.obj
c:\users\marchetto\documents\visual studio 2017\projects\gix-ide\libs\scintilla\qt\scintillaedit\debug\lexasm.obj
c:\users\marchetto\documents\visual studio 2017\projects\gix-ide\libs\scintilla\qt\scintillaedit\debug\lexdiff.obj
c:\users\marchetto\documents\visual studio 2017\projects\gix-ide\libs\scintilla\qt\scintillaedit\debug\lexflagship.obj
c:\users\marchetto\documents\visual studio 2017\projects\gix-ide\libs\scintilla\qt\scintillaedit\debug\lexindent.obj
c:\users\marchetto\documents\visual studio 2017\projects\gix-ide\libs\scintilla\qt\scintillaedit\debug\lexlout.obj
c:\users\marchetto\documents\visual studio 2017\projects\gix-ide\libs\scintilla\qt\scintillaedit\debug\lexmaxima.obj
c:\users\marchetto\documents\visual studio 2017\projects\gix-ide\libs\scintilla\qt\scintillaedit\debug\lexpb.obj
c:\users\marchetto\documents\visual studio 2017\projects\gix-ide\libs\scintilla\qt\scintillaedit\debug\lexrust.obj
c:\users\marchetto\documents\visual studio 2017\projects\gix-ide\libs\scintilla\qt\scintillaedit\debug\positioncache.obj
c:\users\marchetto\documents\visual studio 2017\projects\gix-ide\libs\scintilla\qt\scintillaedit\debug\defaultlexer.obj
c:\users\marchetto\documents\visual studio 2017\projects\gix-ide\libs\scintilla\qt\scintillaedit\debug\externallexer.obj
c:\users\marchetto\documents\visual studio 2017\projects\gix-ide\libs\scintilla\qt\scintillaedit\debug\lexbatch.obj
c:\users\marchetto\documents\visual studio 2017\projects\gix-ide\libs\scintilla\qt\scintillaedit\debug\lexcss.obj
c:\users\marchetto\documents\visual studio 2017\projects\gix-ide\libs\scintilla\qt\scintillaedit\debug\lexd.obj
c:\users\marchetto\documents\visual studio 2017\projects\gix-ide\libs\scintilla\qt\scintillaedit\debug\lexmpt.obj
c:\users\marchetto\documents\visual studio 2017\projects\gix-ide\libs\scintilla\qt\scintillaedit\debug\lexsql.obj
c:\users\marchetto\documents\visual studio 2017\projects\gix-ide\libs\scintilla\qt\scintillaedit\debug\scintilladocument.obj
c:\users\marchetto\documents\visual studio 2017\projects\gix-ide\libs\scintilla\qt\scintillaedit\debug\dbcs.obj
c:\users\marchetto\documents\visual studio 2017\projects\gix-ide\libs\scintilla\qt\scintillaedit\debug\editor.obj
c:\users\marchetto\documents\visual studio 2017\projects\gix-ide\libs\scintilla\qt\scintillaedit\debug\lexlisp.obj
c:\users\marchetto\documents\visual studio 2017\projects\gix-ide\libs\scintilla\qt\scintillaedit\debug\lexmake.obj
c:\users\marchetto\documents\visual studio 2017\projects\gix-ide\libs\scintilla\qt\scintillaedit\debug\lexnimrod.obj
c:\users\marchetto\documents\visual studio 2017\projects\gix-ide\libs\scintilla\qt\scintillaedit\debug\lexpowerpro.obj
c:\users\marchetto\documents\visual studio 2017\projects\gix-ide\libs\scintilla\qt\scintillaedit\debug\lexsas.obj
c:\users\marchetto\documents\visual studio 2017\projects\gix-ide\libs\scintilla\qt\scintillaedit\debug\lexstata.obj
c:\users\marchetto\documents\visual studio 2017\projects\gix-ide\libs\scintilla\qt\scintillaedit\debug\lexvb.obj
c:\users\marchetto\documents\visual studio 2017\projects\gix-ide\libs\scintilla\qt\scintillaedit\debug\marginview.obj
c:\users\marchetto\documents\visual studio 2017\projects\gix-ide\libs\scintilla\qt\scintillaedit\debug\casefolder.obj
c:\users\marchetto\documents\visual studio 2017\projects\gix-ide\libs\scintilla\qt\scintillaedit\debug\lexave.obj
c:\users\marchetto\documents\visual studio 2017\projects\gix-ide\libs\scintilla\qt\scintillaedit\debug\lexbash.obj
c:\users\marchetto\documents\visual studio 2017\projects\gix-ide\libs\scintilla\qt\scintillaedit\debug\lexhtml.obj
c:\users\marchetto\documents\visual studio 2017\projects\gix-ide\libs\scintilla\qt\scintillaedit\debug\lexopal.obj
c:\users\marchetto\documents\visual studio 2017\projects\gix-ide\libs\scintilla\qt\scintillaedit\debug\lexr.obj
c:\users\marchetto\documents\visual studio 2017\projects\gix-ide\libs\scintilla\qt\scintillaedit\debug\lexsorcus.obj
c:\users\marchetto\documents\visual studio 2017\projects\gix-ide\libs\scintilla\qt\scintillaedit\debug\lextcmd.obj
c:\users\marchetto\documents\visual studio 2017\projects\gix-ide\libs\scintilla\qt\scintillaedit\debug\lexernoexceptions.obj
c:\users\marchetto\documents\visual studio 2017\projects\gix-ide\libs\scintilla\qt\scintillaedit\debug\runstyles.obj
c:\users\marchetto\documents\visual studio 2017\projects\gix-ide\libs\scintilla\qt\scintillaedit\debug\xpm.obj
c:\users\marchetto\documents\visual studio 2017\projects\gix-ide\libs\scintilla\qt\scintillaedit\debug\accessor.obj
c:\users\marchetto\documents\visual studio 2017\projects\gix-ide\libs\scintilla\qt\scintillaedit\debug\editview.obj
c:\users\marchetto\documents\visual studio 2017\projects\gix-ide\libs\scintilla\qt\scintillaedit\debug\lexerlang.obj
c:\users\marchetto\documents\visual studio 2017\projects\gix-ide\libs\scintilla\qt\scintillaedit\debug\lexhollywood.obj
c:\users\marchetto\documents\visual studio 2017\projects\gix-ide\libs\scintilla\qt\scintillaedit\debug\lexpo.obj
c:\users\marchetto\documents\visual studio 2017\projects\gix-ide\libs\scintilla\qt\scintillaedit\debug\lexregistry.obj
c:\users\marchetto\documents\visual studio 2017\projects\gix-ide\libs\scintilla\qt\scintillaedit\debug\lexermodule.obj
c:\users\marchetto\documents\visual studio 2017\projects\gix-ide\libs\scintilla\qt\scintillaedit\debug\selection.obj
c:\users\marchetto\documents\visual studio 2017\projects\gix-ide\libs\scintilla\qt\scintillaedit\debug\contractionstate.obj
c:\users\marchetto\documents\visual studio 2017\projects\gix-ide\libs\scintilla\qt\scintillaedit\debug\lexasn1.obj
c:\users\marchetto\documents\visual studio 2017\projects\gix-ide\libs\scintilla\qt\scintillaedit\debug\lexcpp.obj
c:\users\marchetto\documents\visual studio 2017\projects\gix-ide\libs\scintilla\qt\scintillaedit\debug\lexmodula.obj
c:\users\marchetto\documents\visual studio 2017\projects\gix-ide\libs\scintilla\qt\scintillaedit\debug\lexpascal.obj
c:\users\marchetto\documents\visual studio 2017\projects\gix-ide\libs\scintilla\qt\scintillaedit\debug\lexsml.obj
c:\users\marchetto\documents\visual studio 2017\projects\gix-ide\libs\scintilla\qt\scintillaedit\debug\lextads3.obj
c:\users\marchetto\documents\visual studio 2017\projects\gix-ide\libs\scintilla\qt\scintillaedit\debug\lexverilog.obj
c:\users\marchetto\documents\visual studio 2017\projects\gix-ide\libs\scintilla\qt\scintillaedit\debug\decoration.obj
c:\users\marchetto\documents\visual studio 2017\projects\gix-ide\libs\scintilla\qt\scintillaedit\debug\lexada.obj
c:\users\marchetto\documents\visual studio 2017\projects\gix-ide\libs\scintilla\qt\scintillaedit\debug\lexcsound.obj
c:\users\marchetto\documents\visual studio 2017\projects\gix-ide\libs\scintilla\qt\scintillaedit\debug\lexedifact.obj
c:\users\marchetto\documents\visual studio 2017\projects\gix-ide\libs\scintilla\qt\scintillaedit\debug\lexmagik.obj
c:\users\marchetto\documents\visual studio 2017\projects\gix-ide\libs\scintilla\qt\scintillaedit\debug\lexnim.obj
c:\users\marchetto\documents\visual studio 2017\projects\gix-ide\libs\scintilla\qt\scintillaedit\debug\lextal.obj
c:\users\marchetto\documents\visual studio 2017\projects\gix-ide\libs\scintilla\qt\scintillaedit\debug\lexvisualprolog.obj
c:\users\marchetto\documents\visual studio 2017\projects\gix-ide\libs\scintilla\qt\scintillaedit\debug\scintillaqt.obj
c:\users\marchetto\documents\visual studio 2017\projects\gix-ide\libs\scintilla\qt\scintillaedit\debug\catalogue.obj
c:\users\marchetto\documents\visual studio 2017\projects\gix-ide\libs\scintilla\qt\scintillaedit\debug\lexasy.obj
c:\users\marchetto\documents\visual studio 2017\projects\gix-ide\libs\scintilla\qt\scintillaedit\debug\lexbibtex.obj
c:\users\marchetto\documents\visual studio 2017\projects\gix-ide\libs\scintilla\qt\scintillaedit\debug\lexfortran.obj
c:\users\marchetto\documents\visual studio 2017\projects\gix-ide\libs\scintilla\qt\scintillaedit\debug\lexkvirc.obj
c:\users\marchetto\documents\visual studio 2017\projects\gix-ide\libs\scintilla\qt\scintillaedit\debug\lexmarkdown.obj
c:\users\marchetto\documents\visual studio 2017\projects\gix-ide\libs\scintilla\qt\scintillaedit\debug\lexoscript.obj
c:\users\marchetto\documents\visual studio 2017\projects\gix-ide\libs\scintilla\qt\scintillaedit\debug\lexraku.obj
c:\users\marchetto\documents\visual studio 2017\projects\gix-ide\libs\scintilla\qt\scintillaedit\debug\platqt.obj
c:\users\marchetto\documents\visual studio 2017\projects\gix-ide\libs\scintilla\qt\scintillaedit\win32\debug\vc142.pdb
c:\users\marchetto\documents\visual studio 2017\projects\gix-ide\libs\scintilla\qt\scintillaedit\debug\moc_predefs.h
c:\users\marchetto\documents\visual studio 2017\projects\gix-ide\win32\debug\scintillaedit4.ilk
c:\users\marchetto\documents\visual studio 2017\projects\gix-ide\win32\debug\scintillaedit4.dll
c:\users\marchetto\documents\visual studio 2017\projects\gix-ide\win32\debug\scintillaedit4.pdb
c:\users\marchetto\documents\visual studio 2017\projects\gix-ide\libs\scintilla\qt\scintillaedit\debug\moc_scintilladocument.cpp
c:\users\marchetto\documents\visual studio 2017\projects\gix-ide\libs\scintilla\qt\scintillaedit\debug\moc_scintillaedit.cpp
c:\users\marchetto\documents\visual studio 2017\projects\gix-ide\libs\scintilla\qt\scintillaedit\debug\moc_scintillaeditbase.cpp
c:\users\marchetto\documents\visual studio 2017\projects\gix-ide\libs\scintilla\qt\scintillaedit\debug\moc_scintillaqt.cpp
c:\users\marchetto\documents\visual studio 2017\projects\gix-ide\libs\scintilla\qt\scintillaedit\win32\debug\scintillaedit_resource.res
c:\users\marchetto\documents\visual studio 2017\projects\gix-ide\win32\debug\scintillaedit4.lib
c:\users\marchetto\documents\visual studio 2017\projects\gix-ide\win32\debug\scintillaedit4.exp
c:\users\marchetto\documents\visual studio 2017\projects\gix-ide\libs\scintilla\qt\scintillaedit\win32\debug\scintillaedit.tlog\cl.10096.write.1.tlog
c:\users\marchetto\documents\visual studio 2017\projects\gix-ide\libs\scintilla\qt\scintillaedit\win32\debug\scintillaedit.tlog\cl.command.1.tlog
c:\users\marchetto\documents\visual studio 2017\projects\gix-ide\libs\scintilla\qt\scintillaedit\win32\debug\scintillaedit.tlog\cl.read.1.tlog
c:\users\marchetto\documents\visual studio 2017\projects\gix-ide\libs\scintilla\qt\scintillaedit\win32\debug\scintillaedit.tlog\custombuild.command.1.tlog
c:\users\marchetto\documents\visual studio 2017\projects\gix-ide\libs\scintilla\qt\scintillaedit\win32\debug\scintillaedit.tlog\custombuild.read.1.tlog
c:\users\marchetto\documents\visual studio 2017\projects\gix-ide\libs\scintilla\qt\scintillaedit\win32\debug\scintillaedit.tlog\custombuild.write.1.tlog
c:\users\marchetto\documents\visual studio 2017\projects\gix-ide\libs\scintilla\qt\scintillaedit\win32\debug\scintillaedit.tlog\link.command.1.tlog
c:\users\marchetto\documents\visual studio 2017\projects\gix-ide\libs\scintilla\qt\scintillaedit\win32\debug\scintillaedit.tlog\link.read.1.tlog
c:\users\marchetto\documents\visual studio 2017\projects\gix-ide\libs\scintilla\qt\scintillaedit\win32\debug\scintillaedit.tlog\link.write.1.tlog
c:\users\marchetto\documents\visual studio 2017\projects\gix-ide\libs\scintilla\qt\scintillaedit\win32\debug\scintillaedit.tlog\moc.read.1u.tlog
c:\users\marchetto\documents\visual studio 2017\projects\gix-ide\libs\scintilla\qt\scintillaedit\win32\debug\scintillaedit.tlog\moc.write.1u.tlog
c:\users\marchetto\documents\visual studio 2017\projects\gix-ide\libs\scintilla\qt\scintillaedit\win32\debug\scintillaedit.tlog\rc.command.1.tlog
c:\users\marchetto\documents\visual studio 2017\projects\gix-ide\libs\scintilla\qt\scintillaedit\win32\debug\scintillaedit.tlog\rc.read.1.tlog
c:\users\marchetto\documents\visual studio 2017\projects\gix-ide\libs\scintilla\qt\scintillaedit\win32\debug\scintillaedit.tlog\rc.write.1.tlog
c:\users\marchetto\documents\visual studio 2017\projects\gix-ide\libs\scintilla\qt\scintillaedit\win32\debug\scintillaedit.tlog\scintillaedit.write.1u.tlog
