c:\users\marchetto\documents\visual studio 2017\projects\gix-ide\libs\scintilla\qt\scintillaedit\x64\debug\charclassify.obj
c:\users\marchetto\documents\visual studio 2017\projects\gix-ide\libs\scintilla\qt\scintillaedit\x64\debug\lexa68k.obj
c:\users\marchetto\documents\visual studio 2017\projects\gix-ide\libs\scintilla\qt\scintillaedit\x64\debug\lexave.obj
c:\users\marchetto\documents\visual studio 2017\projects\gix-ide\libs\scintilla\qt\scintillaedit\x64\debug\lexbibtex.obj
c:\users\marchetto\documents\visual studio 2017\projects\gix-ide\libs\scintilla\qt\scintillaedit\x64\debug\lexecl.obj
c:\users\marchetto\documents\visual studio 2017\projects\gix-ide\libs\scintilla\qt\scintillaedit\x64\debug\lexmagik.obj
c:\users\marchetto\documents\visual studio 2017\projects\gix-ide\libs\scintilla\qt\scintillaedit\x64\debug\lexmysql.obj
c:\users\marchetto\documents\visual studio 2017\projects\gix-ide\libs\scintilla\qt\scintillaedit\x64\debug\lexpowershell.obj
c:\users\marchetto\documents\visual studio 2017\projects\gix-ide\libs\scintilla\qt\scintillaedit\x64\debug\lexsttxt.obj
c:\users\marchetto\documents\visual studio 2017\projects\gix-ide\libs\scintilla\qt\scintillaedit\x64\debug\lexsorcus.obj
c:\users\marchetto\documents\visual studio 2017\projects\gix-ide\libs\scintilla\qt\scintillaedit\x64\debug\lextacl.obj
c:\users\marchetto\documents\visual studio 2017\projects\gix-ide\libs\scintilla\qt\scintillaedit\x64\debug\lexvb.obj
c:\users\marchetto\documents\visual studio 2017\projects\gix-ide\libs\scintilla\qt\scintillaedit\x64\debug\marginview.obj
c:\users\marchetto\documents\visual studio 2017\projects\gix-ide\libs\scintilla\qt\scintillaedit\x64\debug\accessor.obj
c:\users\marchetto\documents\visual studio 2017\projects\gix-ide\libs\scintilla\qt\scintillaedit\x64\debug\externallexer.obj
c:\users\marchetto\documents\visual studio 2017\projects\gix-ide\libs\scintilla\qt\scintillaedit\x64\debug\lexcil.obj
c:\users\marchetto\documents\visual studio 2017\projects\gix-ide\libs\scintilla\qt\scintillaedit\x64\debug\lexforth.obj
c:\users\marchetto\documents\visual studio 2017\projects\gix-ide\libs\scintilla\qt\scintillaedit\x64\debug\lexhex.obj
c:\users\marchetto\documents\visual studio 2017\projects\gix-ide\libs\scintilla\qt\scintillaedit\x64\debug\lexmmixal.obj
c:\users\marchetto\documents\visual studio 2017\projects\gix-ide\libs\scintilla\qt\scintillaedit\x64\debug\lexmodula.obj
c:\users\marchetto\documents\visual studio 2017\projects\gix-ide\libs\scintilla\qt\scintillaedit\x64\debug\lexr.obj
c:\users\marchetto\documents\visual studio 2017\projects\gix-ide\libs\scintilla\qt\scintillaedit\x64\debug\lexsql.obj
c:\users\marchetto\documents\visual studio 2017\projects\gix-ide\libs\scintilla\qt\scintillaedit\x64\debug\runstyles.obj
c:\users\marchetto\documents\visual studio 2017\projects\gix-ide\libs\scintilla\qt\scintillaedit\x64\debug\casefolder.obj
c:\users\marchetto\documents\visual studio 2017\projects\gix-ide\libs\scintilla\qt\scintillaedit\x64\debug\lexapdl.obj
c:\users\marchetto\documents\visual studio 2017\projects\gix-ide\libs\scintilla\qt\scintillaedit\x64\debug\lexau3.obj
c:\users\marchetto\documents\visual studio 2017\projects\gix-ide\libs\scintilla\qt\scintillaedit\x64\debug\lexcobol.obj
c:\users\marchetto\documents\visual studio 2017\projects\gix-ide\libs\scintilla\qt\scintillaedit\x64\debug\lexcoffeescript.obj
c:\users\marchetto\documents\visual studio 2017\projects\gix-ide\libs\scintilla\qt\scintillaedit\x64\debug\lexindent.obj
c:\users\marchetto\documents\visual studio 2017\projects\gix-ide\libs\scintilla\qt\scintillaedit\x64\debug\lexlisp.obj
c:\users\marchetto\documents\visual studio 2017\projects\gix-ide\libs\scintilla\qt\scintillaedit\x64\debug\lexmaxima.obj
c:\users\marchetto\documents\visual studio 2017\projects\gix-ide\libs\scintilla\qt\scintillaedit\x64\debug\lexpb.obj
c:\users\marchetto\documents\visual studio 2017\projects\gix-ide\libs\scintilla\qt\scintillaedit\x64\debug\lexprogress.obj
c:\users\marchetto\documents\visual studio 2017\projects\gix-ide\libs\scintilla\qt\scintillaedit\x64\debug\lextxt2tags.obj
c:\users\marchetto\documents\visual studio 2017\projects\gix-ide\libs\scintilla\qt\scintillaedit\x64\debug\contractionstate.obj
c:\users\marchetto\documents\visual studio 2017\projects\gix-ide\libs\scintilla\qt\scintillaedit\x64\debug\lexbullant.obj
c:\users\marchetto\documents\visual studio 2017\projects\gix-ide\libs\scintilla\qt\scintillaedit\x64\debug\lexcaml.obj
c:\users\marchetto\documents\visual studio 2017\projects\gix-ide\libs\scintilla\qt\scintillaedit\x64\debug\lexcsound.obj
c:\users\marchetto\documents\visual studio 2017\projects\gix-ide\libs\scintilla\qt\scintillaedit\x64\debug\lexedifact.obj
c:\users\marchetto\documents\visual studio 2017\projects\gix-ide\libs\scintilla\qt\scintillaedit\x64\debug\lexlatex.obj
c:\users\marchetto\documents\visual studio 2017\projects\gix-ide\libs\scintilla\qt\scintillaedit\x64\debug\lexplm.obj
c:\users\marchetto\documents\visual studio 2017\projects\gix-ide\libs\scintilla\qt\scintillaedit\x64\debug\lexprops.obj
c:\users\marchetto\documents\visual studio 2017\projects\gix-ide\libs\scintilla\qt\scintillaedit\x64\debug\lexspice.obj
c:\users\marchetto\documents\visual studio 2017\projects\gix-ide\libs\scintilla\qt\scintillaedit\x64\debug\lexersimple.obj
c:\users\marchetto\documents\visual studio 2017\projects\gix-ide\libs\scintilla\qt\scintillaedit\x64\debug\document.obj
c:\users\marchetto\documents\visual studio 2017\projects\gix-ide\libs\scintilla\qt\scintillaedit\x64\debug\lexkix.obj
c:\users\marchetto\documents\visual studio 2017\projects\gix-ide\libs\scintilla\qt\scintillaedit\x64\debug\lexmssql.obj
c:\users\marchetto\documents\visual studio 2017\projects\gix-ide\libs\scintilla\qt\scintillaedit\x64\debug\lexnim.obj
c:\users\marchetto\documents\visual studio 2017\projects\gix-ide\libs\scintilla\qt\scintillaedit\x64\debug\lexstata.obj
c:\users\marchetto\documents\visual studio 2017\projects\gix-ide\libs\scintilla\qt\scintillaedit\x64\debug\lextex.obj
c:\users\marchetto\documents\visual studio 2017\projects\gix-ide\libs\scintilla\qt\scintillaedit\x64\debug\lexerbase.obj
c:\users\marchetto\documents\visual studio 2017\projects\gix-ide\libs\scintilla\qt\scintillaedit\x64\debug\stylecontext.obj
c:\users\marchetto\documents\visual studio 2017\projects\gix-ide\libs\scintilla\qt\scintillaedit\x64\debug\uniquestring.obj
c:\users\marchetto\documents\visual studio 2017\projects\gix-ide\libs\scintilla\qt\scintillaedit\x64\debug\characterset.obj
c:\users\marchetto\documents\visual studio 2017\projects\gix-ide\libs\scintilla\qt\scintillaedit\x64\debug\editview.obj
c:\users\marchetto\documents\visual studio 2017\projects\gix-ide\libs\scintilla\qt\scintillaedit\x64\debug\lexerrorlist.obj
c:\users\marchetto\documents\visual studio 2017\projects\gix-ide\libs\scintilla\qt\scintillaedit\x64\debug\lexhollywood.obj
c:\users\marchetto\documents\visual studio 2017\projects\gix-ide\libs\scintilla\qt\scintillaedit\x64\debug\lexnull.obj
c:\users\marchetto\documents\visual studio 2017\projects\gix-ide\libs\scintilla\qt\scintillaedit\x64\debug\lexpo.obj
c:\users\marchetto\documents\visual studio 2017\projects\gix-ide\libs\scintilla\qt\scintillaedit\x64\debug\lexraku.obj
c:\users\marchetto\documents\visual studio 2017\projects\gix-ide\libs\scintilla\qt\scintillaedit\x64\debug\lexernoexceptions.obj
c:\users\marchetto\documents\visual studio 2017\projects\gix-ide\libs\scintilla\qt\scintillaedit\x64\debug\linemarker.obj
c:\users\marchetto\documents\visual studio 2017\projects\gix-ide\libs\scintilla\qt\scintillaedit\x64\debug\xpm.obj
c:\users\marchetto\documents\visual studio 2017\projects\gix-ide\libs\scintilla\qt\scintillaedit\x64\debug\defaultlexer.obj
c:\users\marchetto\documents\visual studio 2017\projects\gix-ide\libs\scintilla\qt\scintillaedit\x64\debug\indicator.obj
c:\users\marchetto\documents\visual studio 2017\projects\gix-ide\libs\scintilla\qt\scintillaedit\x64\debug\lexasn1.obj
c:\users\marchetto\documents\visual studio 2017\projects\gix-ide\libs\scintilla\qt\scintillaedit\x64\debug\lexcpp.obj
c:\users\marchetto\documents\visual studio 2017\projects\gix-ide\libs\scintilla\qt\scintillaedit\x64\debug\lextcl.obj
c:\users\marchetto\documents\visual studio 2017\projects\gix-ide\libs\scintilla\qt\scintillaedit\x64\debug\positioncache.obj
c:\users\marchetto\documents\visual studio 2017\projects\gix-ide\libs\scintilla\qt\scintillaedit\x64\debug\dbcs.obj
c:\users\marchetto\documents\visual studio 2017\projects\gix-ide\libs\scintilla\qt\scintillaedit\x64\debug\editor.obj
c:\users\marchetto\documents\visual studio 2017\projects\gix-ide\libs\scintilla\qt\scintillaedit\x64\debug\lexnimrod.obj
c:\users\marchetto\documents\visual studio 2017\projects\gix-ide\libs\scintilla\qt\scintillaedit\x64\debug\lexpov.obj
c:\users\marchetto\documents\visual studio 2017\projects\gix-ide\libs\scintilla\qt\scintillaedit\x64\debug\lexregistry.obj
c:\users\marchetto\documents\visual studio 2017\projects\gix-ide\libs\scintilla\qt\scintillaedit\x64\debug\lexvhdl.obj
c:\users\marchetto\documents\visual studio 2017\projects\gix-ide\libs\scintilla\qt\scintillaedit\x64\debug\perline.obj
c:\users\marchetto\documents\visual studio 2017\projects\gix-ide\libs\scintilla\qt\scintillaedit\x64\debug\calltip.obj
c:\users\marchetto\documents\visual studio 2017\projects\gix-ide\libs\scintilla\qt\scintillaedit\x64\debug\lexasy.obj
c:\users\marchetto\documents\visual studio 2017\projects\gix-ide\libs\scintilla\qt\scintillaedit\x64\debug\lexbaan.obj
c:\users\marchetto\documents\visual studio 2017\projects\gix-ide\libs\scintilla\qt\scintillaedit\x64\debug\lexfortran.obj
c:\users\marchetto\documents\visual studio 2017\projects\gix-ide\libs\scintilla\qt\scintillaedit\x64\debug\lexkvirc.obj
c:\users\marchetto\documents\visual studio 2017\projects\gix-ide\libs\scintilla\qt\scintillaedit\x64\debug\lexmatlab.obj
c:\users\marchetto\documents\visual studio 2017\projects\gix-ide\libs\scintilla\qt\scintillaedit\x64\debug\lexnsis.obj
c:\users\marchetto\documents\visual studio 2017\projects\gix-ide\libs\scintilla\qt\scintillaedit\x64\debug\lexperl.obj
c:\users\marchetto\documents\visual studio 2017\projects\gix-ide\libs\scintilla\qt\scintillaedit\x64\debug\scintillabase.obj
c:\users\marchetto\documents\visual studio 2017\projects\gix-ide\libs\scintilla\qt\scintillaedit\x64\debug\caseconvert.obj
c:\users\marchetto\documents\visual studio 2017\projects\gix-ide\libs\scintilla\qt\scintillaedit\x64\debug\lexavs.obj
c:\users\marchetto\documents\visual studio 2017\projects\gix-ide\libs\scintilla\qt\scintillaedit\x64\debug\lexclw.obj
c:\users\marchetto\documents\visual studio 2017\projects\gix-ide\libs\scintilla\qt\scintillaedit\x64\debug\lexcrontab.obj
c:\users\marchetto\documents\visual studio 2017\projects\gix-ide\libs\scintilla\qt\scintillaedit\x64\debug\lexdiff.obj
c:\users\marchetto\documents\visual studio 2017\projects\gix-ide\libs\scintilla\qt\scintillaedit\x64\debug\lexgui4cli.obj
c:\users\marchetto\documents\visual studio 2017\projects\gix-ide\libs\scintilla\qt\scintillaedit\x64\debug\lexjson.obj
c:\users\marchetto\documents\visual studio 2017\projects\gix-ide\libs\scintilla\qt\scintillaedit\x64\debug\lexps.obj
c:\users\marchetto\documents\visual studio 2017\projects\gix-ide\libs\scintilla\qt\scintillaedit\x64\debug\lexrust.obj
c:\users\marchetto\documents\visual studio 2017\projects\gix-ide\libs\scintilla\qt\scintillaedit\x64\debug\lexyaml.obj
c:\users\marchetto\documents\visual studio 2017\projects\gix-ide\libs\scintilla\qt\scintillaedit\x64\debug\research.obj
c:\users\marchetto\documents\visual studio 2017\projects\gix-ide\libs\scintilla\qt\scintillaedit\x64\debug\wordlist.obj
c:\users\marchetto\documents\visual studio 2017\projects\gix-ide\libs\scintilla\qt\scintillaedit\x64\debug\autocomplete.obj
c:\users\marchetto\documents\visual studio 2017\projects\gix-ide\libs\scintilla\qt\scintillaedit\x64\debug\lexada.obj
c:\users\marchetto\documents\visual studio 2017\projects\gix-ide\libs\scintilla\qt\scintillaedit\x64\debug\lexcmake.obj
c:\users\marchetto\documents\visual studio 2017\projects\gix-ide\libs\scintilla\qt\scintillaedit\x64\debug\lexdmis.obj
c:\users\marchetto\documents\visual studio 2017\projects\gix-ide\libs\scintilla\qt\scintillaedit\x64\debug\lexerlang.obj
c:\users\marchetto\documents\visual studio 2017\projects\gix-ide\libs\scintilla\qt\scintillaedit\x64\debug\lexinno.obj
c:\users\marchetto\documents\visual studio 2017\projects\gix-ide\libs\scintilla\qt\scintillaedit\x64\debug\lexmake.obj
c:\users\marchetto\documents\visual studio 2017\projects\gix-ide\libs\scintilla\qt\scintillaedit\x64\debug\lexmetapost.obj
c:\users\marchetto\documents\visual studio 2017\projects\gix-ide\libs\scintilla\qt\scintillaedit\x64\debug\lexoscript.obj
c:\users\marchetto\documents\visual studio 2017\projects\gix-ide\libs\scintilla\qt\scintillaedit\x64\debug\lexrebol.obj
c:\users\marchetto\documents\visual studio 2017\projects\gix-ide\libs\scintilla\qt\scintillaedit\x64\debug\lexscriptol.obj
c:\users\marchetto\documents\visual studio 2017\projects\gix-ide\libs\scintilla\qt\scintillaedit\x64\debug\lextads3.obj
c:\users\marchetto\documents\visual studio 2017\projects\gix-ide\libs\scintilla\qt\scintillaedit\x64\debug\lexvisualprolog.obj
c:\users\marchetto\documents\visual studio 2017\projects\gix-ide\libs\scintilla\qt\scintillaedit\x64\debug\uniconversion.obj
c:\users\marchetto\documents\visual studio 2017\projects\gix-ide\libs\scintilla\qt\scintillaedit\x64\debug\catalogue.obj
c:\users\marchetto\documents\visual studio 2017\projects\gix-ide\libs\scintilla\qt\scintillaedit\x64\debug\lexabaqus.obj
c:\users\marchetto\documents\visual studio 2017\projects\gix-ide\libs\scintilla\qt\scintillaedit\x64\debug\lexbatch.obj
c:\users\marchetto\documents\visual studio 2017\projects\gix-ide\libs\scintilla\qt\scintillaedit\x64\debug\lexconf.obj
c:\users\marchetto\documents\visual studio 2017\projects\gix-ide\libs\scintilla\qt\scintillaedit\x64\debug\lexdmap.obj
c:\users\marchetto\documents\visual studio 2017\projects\gix-ide\libs\scintilla\qt\scintillaedit\x64\debug\lexflagship.obj
c:\users\marchetto\documents\visual studio 2017\projects\gix-ide\libs\scintilla\qt\scintillaedit\x64\debug\lexlua.obj
c:\users\marchetto\documents\visual studio 2017\projects\gix-ide\libs\scintilla\qt\scintillaedit\x64\debug\lexsas.obj
c:\users\marchetto\documents\visual studio 2017\projects\gix-ide\libs\scintilla\qt\scintillaedit\x64\debug\lexsmalltalk.obj
c:\users\marchetto\documents\visual studio 2017\projects\gix-ide\libs\scintilla\qt\scintillaedit\x64\debug\lextal.obj
c:\users\marchetto\documents\visual studio 2017\projects\gix-ide\libs\scintilla\qt\scintillaedit\x64\debug\lexx12.obj
c:\users\marchetto\documents\visual studio 2017\projects\gix-ide\libs\scintilla\qt\scintillaedit\x64\debug\charactercategory.obj
c:\users\marchetto\documents\visual studio 2017\projects\gix-ide\libs\scintilla\qt\scintillaedit\x64\debug\keymap.obj
c:\users\marchetto\documents\visual studio 2017\projects\gix-ide\libs\scintilla\qt\scintillaedit\x64\debug\lexcss.obj
c:\users\marchetto\documents\visual studio 2017\projects\gix-ide\libs\scintilla\qt\scintillaedit\x64\debug\lexdataflex.obj
c:\users\marchetto\documents\visual studio 2017\projects\gix-ide\libs\scintilla\qt\scintillaedit\x64\debug\lexgap.obj
c:\users\marchetto\documents\visual studio 2017\projects\gix-ide\libs\scintilla\qt\scintillaedit\x64\debug\lexlout.obj
c:\users\marchetto\documents\visual studio 2017\projects\gix-ide\libs\scintilla\qt\scintillaedit\x64\debug\lexmarkdown.obj
c:\users\marchetto\documents\visual studio 2017\projects\gix-ide\libs\scintilla\qt\scintillaedit\x64\debug\lexpython.obj
c:\users\marchetto\documents\visual studio 2017\projects\gix-ide\libs\scintilla\qt\scintillaedit\x64\debug\propsetsimple.obj
c:\users\marchetto\documents\visual studio 2017\projects\gix-ide\libs\scintilla\qt\scintillaedit\x64\debug\viewstyle.obj
c:\users\marchetto\documents\visual studio 2017\projects\gix-ide\libs\scintilla\qt\scintillaedit\x64\debug\cellbuffer.obj
c:\users\marchetto\documents\visual studio 2017\projects\gix-ide\libs\scintilla\qt\scintillaedit\x64\debug\lexbash.obj
c:\users\marchetto\documents\visual studio 2017\projects\gix-ide\libs\scintilla\qt\scintillaedit\x64\debug\lexescript.obj
c:\users\marchetto\documents\visual studio 2017\projects\gix-ide\libs\scintilla\qt\scintillaedit\x64\debug\lexhaskell.obj
c:\users\marchetto\documents\visual studio 2017\projects\gix-ide\libs\scintilla\qt\scintillaedit\x64\debug\lexpascal.obj
c:\users\marchetto\documents\visual studio 2017\projects\gix-ide\libs\scintilla\qt\scintillaedit\x64\debug\lexruby.obj
c:\users\marchetto\documents\visual studio 2017\projects\gix-ide\libs\scintilla\qt\scintillaedit\x64\debug\lextcmd.obj
c:\users\marchetto\documents\visual studio 2017\projects\gix-ide\libs\scintilla\qt\scintillaedit\x64\debug\lexermodule.obj
c:\users\marchetto\documents\visual studio 2017\projects\gix-ide\libs\scintilla\qt\scintillaedit\x64\debug\selection.obj
c:\users\marchetto\documents\visual studio 2017\projects\gix-ide\libs\scintilla\qt\scintillaedit\x64\debug\decoration.obj
c:\users\marchetto\documents\visual studio 2017\projects\gix-ide\libs\scintilla\qt\scintillaedit\x64\debug\lexbasic.obj
c:\users\marchetto\documents\visual studio 2017\projects\gix-ide\libs\scintilla\qt\scintillaedit\x64\debug\lexeiffel.obj
c:\users\marchetto\documents\visual studio 2017\projects\gix-ide\libs\scintilla\qt\scintillaedit\x64\debug\lexhtml.obj
c:\users\marchetto\documents\visual studio 2017\projects\gix-ide\libs\scintilla\qt\scintillaedit\x64\debug\style.obj
c:\users\marchetto\documents\visual studio 2017\projects\gix-ide\libs\scintilla\qt\scintillaedit\x64\debug\editmodel.obj
c:\users\marchetto\documents\visual studio 2017\projects\gix-ide\libs\scintilla\qt\scintillaedit\x64\debug\lexasm.obj
c:\users\marchetto\documents\visual studio 2017\projects\gix-ide\libs\scintilla\qt\scintillaedit\x64\debug\lexd.obj
c:\users\marchetto\documents\visual studio 2017\projects\gix-ide\libs\scintilla\qt\scintillaedit\x64\debug\lexmpt.obj
c:\users\marchetto\documents\visual studio 2017\projects\gix-ide\libs\scintilla\qt\scintillaedit\x64\debug\lexopal.obj
c:\users\marchetto\documents\visual studio 2017\projects\gix-ide\libs\scintilla\qt\scintillaedit\x64\debug\lexpowerpro.obj
c:\users\marchetto\documents\visual studio 2017\projects\gix-ide\libs\scintilla\qt\scintillaedit\x64\debug\lexsml.obj
c:\users\marchetto\documents\visual studio 2017\projects\gix-ide\libs\scintilla\qt\scintillaedit\x64\debug\lexspecman.obj
c:\users\marchetto\documents\visual studio 2017\projects\gix-ide\libs\scintilla\qt\scintillaedit\x64\debug\lexverilog.obj
c:\users\marchetto\documents\visual studio 2017\projects\gix-ide\libs\scintilla\qt\scintillaedit\x64\debug\moc\moc_scintilladocument.cpp
c:\users\marchetto\documents\visual studio 2017\projects\gix-ide\libs\scintilla\qt\scintillaedit\x64\debug\moc\moc_scintillaedit.cpp
c:\users\marchetto\documents\visual studio 2017\projects\gix-ide\libs\scintilla\qt\scintillaedit\x64\debug\moc\moc_scintillaeditbase.cpp
c:\users\marchetto\documents\visual studio 2017\projects\gix-ide\libs\scintilla\qt\scintillaedit\x64\debug\moc\moc_scintillaqt.cpp
c:\users\marchetto\documents\visual studio 2017\projects\gix-ide\libs\scintilla\qt\scintillaedit\x64\debug\vc142.pdb
c:\users\marchetto\documents\visual studio 2017\projects\gix-ide\libs\scintilla\qt\scintillaedit\x64\debug\scintillaedit.tlog\cl.10024.write.1.tlog
c:\users\marchetto\documents\visual studio 2017\projects\gix-ide\libs\scintilla\qt\scintillaedit\x64\debug\scintillaedit.tlog\cl.command.1.tlog
c:\users\marchetto\documents\visual studio 2017\projects\gix-ide\libs\scintilla\qt\scintillaedit\x64\debug\scintillaedit.tlog\cl.read.1.tlog
c:\users\marchetto\documents\visual studio 2017\projects\gix-ide\libs\scintilla\qt\scintillaedit\x64\debug\scintillaedit.tlog\moc.read.1u.tlog
c:\users\marchetto\documents\visual studio 2017\projects\gix-ide\libs\scintilla\qt\scintillaedit\x64\debug\scintillaedit.tlog\moc.write.1u.tlog
c:\users\marchetto\documents\visual studio 2017\projects\gix-ide\libs\scintilla\qt\scintillaedit\x64\debug\scintillaedit.tlog\scintillaedit.write.1u.tlog
