c:\users\marchetto\source\repos\gix-ide\libs\scintilla\qt\scintillaedit\release\accessor.obj
c:\users\marchetto\source\repos\gix-ide\libs\scintilla\qt\scintillaedit\release\editor.obj
c:\users\marchetto\source\repos\gix-ide\libs\scintilla\qt\scintillaedit\release\lexmssql.obj
c:\users\marchetto\source\repos\gix-ide\libs\scintilla\qt\scintillaedit\release\lexmodula.obj
c:\users\marchetto\source\repos\gix-ide\libs\scintilla\qt\scintillaedit\release\lexpov.obj
c:\users\marchetto\source\repos\gix-ide\libs\scintilla\qt\scintillaedit\release\lexregistry.obj
c:\users\marchetto\source\repos\gix-ide\libs\scintilla\qt\scintillaedit\release\lextcmd.obj
c:\users\marchetto\source\repos\gix-ide\libs\scintilla\qt\scintillaedit\release\platqt.obj
c:\users\marchetto\source\repos\gix-ide\libs\scintilla\qt\scintillaedit\release\caseconvert.obj
c:\users\marchetto\source\repos\gix-ide\libs\scintilla\qt\scintillaedit\release\lexada.obj
c:\users\marchetto\source\repos\gix-ide\libs\scintilla\qt\scintillaedit\release\lexcrontab.obj
c:\users\marchetto\source\repos\gix-ide\libs\scintilla\qt\scintillaedit\release\lexecl.obj
c:\users\marchetto\source\repos\gix-ide\libs\scintilla\qt\scintillaedit\release\lexlisp.obj
c:\users\marchetto\source\repos\gix-ide\libs\scintilla\qt\scintillaedit\release\lexoscript.obj
c:\users\marchetto\source\repos\gix-ide\libs\scintilla\qt\scintillaedit\release\lexruby.obj
c:\users\marchetto\source\repos\gix-ide\libs\scintilla\qt\scintillaedit\release\lexvisualprolog.obj
c:\users\marchetto\source\repos\gix-ide\libs\scintilla\qt\scintillaedit\release\scintillaeditbase.obj
c:\users\marchetto\source\repos\gix-ide\libs\scintilla\qt\scintillaedit\release\characterset.obj
c:\users\marchetto\source\repos\gix-ide\libs\scintilla\qt\scintillaedit\release\externallexer.obj
c:\users\marchetto\source\repos\gix-ide\libs\scintilla\qt\scintillaedit\release\lexbash.obj
c:\users\marchetto\source\repos\gix-ide\libs\scintilla\qt\scintillaedit\release\lexkvirc.obj
c:\users\marchetto\source\repos\gix-ide\libs\scintilla\qt\scintillaedit\release\lexmmixal.obj
c:\users\marchetto\source\repos\gix-ide\libs\scintilla\qt\scintillaedit\release\lexmetapost.obj
c:\users\marchetto\source\repos\gix-ide\libs\scintilla\qt\scintillaedit\release\lexnull.obj
c:\users\marchetto\source\repos\gix-ide\libs\scintilla\qt\scintillaedit\release\lexpascal.obj
c:\users\marchetto\source\repos\gix-ide\libs\scintilla\qt\scintillaedit\release\lexsas.obj
c:\users\marchetto\source\repos\gix-ide\libs\scintilla\qt\scintillaedit\release\lexsorcus.obj
c:\users\marchetto\source\repos\gix-ide\libs\scintilla\qt\scintillaedit\release\lextacl.obj
c:\users\marchetto\source\repos\gix-ide\libs\scintilla\qt\scintillaedit\release\lextxt2tags.obj
c:\users\marchetto\source\repos\gix-ide\libs\scintilla\qt\scintillaedit\release\runstyles.obj
c:\users\marchetto\source\repos\gix-ide\libs\scintilla\qt\scintillaedit\release\wordlist.obj
c:\users\marchetto\source\repos\gix-ide\libs\scintilla\qt\scintillaedit\release\contractionstate.obj
c:\users\marchetto\source\repos\gix-ide\libs\scintilla\qt\scintillaedit\release\lexcss.obj
c:\users\marchetto\source\repos\gix-ide\libs\scintilla\qt\scintillaedit\release\lexdmis.obj
c:\users\marchetto\source\repos\gix-ide\libs\scintilla\qt\scintillaedit\release\lexerlang.obj
c:\users\marchetto\source\repos\gix-ide\libs\scintilla\qt\scintillaedit\release\lexhaskell.obj
c:\users\marchetto\source\repos\gix-ide\libs\scintilla\qt\scintillaedit\release\lexps.obj
c:\users\marchetto\source\repos\gix-ide\libs\scintilla\qt\scintillaedit\release\lexsml.obj
c:\users\marchetto\source\repos\gix-ide\libs\scintilla\qt\scintillaedit\release\lexspice.obj
c:\users\marchetto\source\repos\gix-ide\libs\scintilla\qt\scintillaedit\release\lexersimple.obj
c:\users\marchetto\source\repos\gix-ide\libs\scintilla\qt\scintillaedit\release\style.obj
c:\users\marchetto\source\repos\gix-ide\libs\scintilla\qt\scintillaedit\release\charclassify.obj
c:\users\marchetto\source\repos\gix-ide\libs\scintilla\qt\scintillaedit\release\lexa68k.obj
c:\users\marchetto\source\repos\gix-ide\libs\scintilla\qt\scintillaedit\release\lexave.obj
c:\users\marchetto\source\repos\gix-ide\libs\scintilla\qt\scintillaedit\release\lexbibtex.obj
c:\users\marchetto\source\repos\gix-ide\libs\scintilla\qt\scintillaedit\release\lexeiffel.obj
c:\users\marchetto\source\repos\gix-ide\libs\scintilla\qt\scintillaedit\release\lexfortran.obj
c:\users\marchetto\source\repos\gix-ide\libs\scintilla\qt\scintillaedit\release\lexkix.obj
c:\users\marchetto\source\repos\gix-ide\libs\scintilla\qt\scintillaedit\release\lexmake.obj
c:\users\marchetto\source\repos\gix-ide\libs\scintilla\qt\scintillaedit\release\lexmysql.obj
c:\users\marchetto\source\repos\gix-ide\libs\scintilla\qt\scintillaedit\release\lexpo.obj
c:\users\marchetto\source\repos\gix-ide\libs\scintilla\qt\scintillaedit\release\lexraku.obj
c:\users\marchetto\source\repos\gix-ide\libs\scintilla\qt\scintillaedit\release\perline.obj
c:\users\marchetto\source\repos\gix-ide\libs\scintilla\qt\scintillaedit\release\viewstyle.obj
c:\users\marchetto\source\repos\gix-ide\libs\scintilla\qt\scintillaedit\release\casefolder.obj
c:\users\marchetto\source\repos\gix-ide\libs\scintilla\qt\scintillaedit\release\lexapdl.obj
c:\users\marchetto\source\repos\gix-ide\libs\scintilla\qt\scintillaedit\release\lexabaqus.obj
c:\users\marchetto\source\repos\gix-ide\libs\scintilla\qt\scintillaedit\release\lexcil.obj
c:\users\marchetto\source\repos\gix-ide\libs\scintilla\qt\scintillaedit\release\lexdiff.obj
c:\users\marchetto\source\repos\gix-ide\libs\scintilla\qt\scintillaedit\release\lexforth.obj
c:\users\marchetto\source\repos\gix-ide\libs\scintilla\qt\scintillaedit\release\lexhex.obj
c:\users\marchetto\source\repos\gix-ide\libs\scintilla\qt\scintillaedit\release\lexmpt.obj
c:\users\marchetto\source\repos\gix-ide\libs\scintilla\qt\scintillaedit\release\lexprogress.obj
c:\users\marchetto\source\repos\gix-ide\libs\scintilla\qt\scintillaedit\release\lexvb.obj
c:\users\marchetto\source\repos\gix-ide\libs\scintilla\qt\scintillaedit\release\linemarker.obj
c:\users\marchetto\source\repos\gix-ide\libs\scintilla\qt\scintillaedit\release\xpm.obj
c:\users\marchetto\source\repos\gix-ide\libs\scintilla\qt\scintillaedit\release\defaultlexer.obj
c:\users\marchetto\source\repos\gix-ide\libs\scintilla\qt\scintillaedit\release\indicator.obj
c:\users\marchetto\source\repos\gix-ide\libs\scintilla\qt\scintillaedit\release\lexasm.obj
c:\users\marchetto\source\repos\gix-ide\libs\scintilla\qt\scintillaedit\release\lexdataflex.obj
c:\users\marchetto\source\repos\gix-ide\libs\scintilla\qt\scintillaedit\release\lexhtml.obj
c:\users\marchetto\source\repos\gix-ide\libs\scintilla\qt\scintillaedit\release\lexermodule.obj
c:\users\marchetto\source\repos\gix-ide\libs\scintilla\qt\scintillaedit\release\selection.obj
c:\users\marchetto\source\repos\gix-ide\libs\scintilla\qt\scintillaedit\release\dbcs.obj
c:\users\marchetto\source\repos\gix-ide\libs\scintilla\qt\scintillaedit\release\editview.obj
c:\users\marchetto\source\repos\gix-ide\libs\scintilla\qt\scintillaedit\release\lexescript.obj
c:\users\marchetto\source\repos\gix-ide\libs\scintilla\qt\scintillaedit\release\lexhollywood.obj
c:\users\marchetto\source\repos\gix-ide\libs\scintilla\qt\scintillaedit\release\lexpb.obj
c:\users\marchetto\source\repos\gix-ide\libs\scintilla\qt\scintillaedit\release\lexr.obj
c:\users\marchetto\source\repos\gix-ide\libs\scintilla\qt\scintillaedit\release\lexsql.obj
c:\users\marchetto\source\repos\gix-ide\libs\scintilla\qt\scintillaedit\release\lexerbase.obj
c:\users\marchetto\source\repos\gix-ide\libs\scintilla\qt\scintillaedit\release\positioncache.obj
c:\users\marchetto\source\repos\gix-ide\libs\scintilla\qt\scintillaedit\release\cellbuffer.obj
c:\users\marchetto\source\repos\gix-ide\libs\scintilla\qt\scintillaedit\release\lexbaan.obj
c:\users\marchetto\source\repos\gix-ide\libs\scintilla\qt\scintillaedit\release\lexgap.obj
c:\users\marchetto\source\repos\gix-ide\libs\scintilla\qt\scintillaedit\release\lexjson.obj
c:\users\marchetto\source\repos\gix-ide\libs\scintilla\qt\scintillaedit\release\lexplm.obj
c:\users\marchetto\source\repos\gix-ide\libs\scintilla\qt\scintillaedit\release\lexpython.obj
c:\users\marchetto\source\repos\gix-ide\libs\scintilla\qt\scintillaedit\release\scintilladocument.obj
c:\users\marchetto\source\repos\gix-ide\libs\scintilla\qt\scintillaedit\release\decoration.obj
c:\users\marchetto\source\repos\gix-ide\libs\scintilla\qt\scintillaedit\release\lexavs.obj
c:\users\marchetto\source\repos\gix-ide\libs\scintilla\qt\scintillaedit\release\lexclw.obj
c:\users\marchetto\source\repos\gix-ide\libs\scintilla\qt\scintillaedit\release\lexconf.obj
c:\users\marchetto\source\repos\gix-ide\libs\scintilla\qt\scintillaedit\release\lexdmap.obj
c:\users\marchetto\source\repos\gix-ide\libs\scintilla\qt\scintillaedit\release\lexflagship.obj
c:\users\marchetto\source\repos\gix-ide\libs\scintilla\qt\scintillaedit\release\lexmatlab.obj
c:\users\marchetto\source\repos\gix-ide\libs\scintilla\qt\scintillaedit\release\lexnimrod.obj
c:\users\marchetto\source\repos\gix-ide\libs\scintilla\qt\scintillaedit\release\lexperl.obj
c:\users\marchetto\source\repos\gix-ide\libs\scintilla\qt\scintillaedit\release\scintillaqt.obj
c:\users\marchetto\source\repos\gix-ide\libs\scintilla\qt\scintillaedit\release\catalogue.obj
c:\users\marchetto\source\repos\gix-ide\libs\scintilla\qt\scintillaedit\release\lexau3.obj
c:\users\marchetto\source\repos\gix-ide\libs\scintilla\qt\scintillaedit\release\lexbullant.obj
c:\users\marchetto\source\repos\gix-ide\libs\scintilla\qt\scintillaedit\release\lexcoffeescript.obj
c:\users\marchetto\source\repos\gix-ide\libs\scintilla\qt\scintillaedit\release\lexgui4cli.obj
c:\users\marchetto\source\repos\gix-ide\libs\scintilla\qt\scintillaedit\release\lexlatex.obj
c:\users\marchetto\source\repos\gix-ide\libs\scintilla\qt\scintillaedit\release\lexopal.obj
c:\users\marchetto\source\repos\gix-ide\libs\scintilla\qt\scintillaedit\release\lexprops.obj
c:\users\marchetto\source\repos\gix-ide\libs\scintilla\qt\scintillaedit\release\lextcl.obj
c:\users\marchetto\source\repos\gix-ide\libs\scintilla\qt\scintillaedit\release\lexernoexceptions.obj
c:\users\marchetto\source\repos\gix-ide\libs\scintilla\qt\scintillaedit\release\propsetsimple.obj
c:\users\marchetto\source\repos\gix-ide\libs\scintilla\qt\scintillaedit\release\uniquestring.obj
c:\users\marchetto\source\repos\gix-ide\libs\scintilla\qt\scintillaedit\release\document.obj
c:\users\marchetto\source\repos\gix-ide\libs\scintilla\qt\scintillaedit\release\lexmarkdown.obj
c:\users\marchetto\source\repos\gix-ide\libs\scintilla\qt\scintillaedit\release\lexnsis.obj
c:\users\marchetto\source\repos\gix-ide\libs\scintilla\qt\scintillaedit\release\lexpowershell.obj
c:\users\marchetto\source\repos\gix-ide\libs\scintilla\qt\scintillaedit\release\lexrust.obj
c:\users\marchetto\source\repos\gix-ide\libs\scintilla\qt\scintillaedit\release\marginview.obj
c:\users\marchetto\source\repos\gix-ide\libs\scintilla\qt\scintillaedit\release\editmodel.obj
c:\users\marchetto\source\repos\gix-ide\libs\scintilla\qt\scintillaedit\release\lexcpp.obj
c:\users\marchetto\source\repos\gix-ide\libs\scintilla\qt\scintillaedit\release\lexspecman.obj
c:\users\marchetto\source\repos\gix-ide\libs\scintilla\qt\scintillaedit\release\lextex.obj
c:\users\marchetto\source\repos\gix-ide\libs\scintilla\qt\scintillaedit\release\lexyaml.obj
c:\users\marchetto\source\repos\gix-ide\libs\scintilla\qt\scintillaedit\release\scintillabase.obj
c:\users\marchetto\source\repos\gix-ide\libs\scintilla\qt\scintillaedit\release\calltip.obj
c:\users\marchetto\source\repos\gix-ide\libs\scintilla\qt\scintillaedit\release\lexasy.obj
c:\users\marchetto\source\repos\gix-ide\libs\scintilla\qt\scintillaedit\release\lexbasic.obj
c:\users\marchetto\source\repos\gix-ide\libs\scintilla\qt\scintillaedit\release\lexerrorlist.obj
c:\users\marchetto\source\repos\gix-ide\libs\scintilla\qt\scintillaedit\release\lexinno.obj
c:\users\marchetto\source\repos\gix-ide\libs\scintilla\qt\scintillaedit\release\lexlua.obj
c:\users\marchetto\source\repos\gix-ide\libs\scintilla\qt\scintillaedit\release\lexsttxt.obj
c:\users\marchetto\source\repos\gix-ide\libs\scintilla\qt\scintillaedit\release\lextal.obj
c:\users\marchetto\source\repos\gix-ide\libs\scintilla\qt\scintillaedit\release\lexverilog.obj
c:\users\marchetto\source\repos\gix-ide\libs\scintilla\qt\scintillaedit\release\autocomplete.obj
c:\users\marchetto\source\repos\gix-ide\libs\scintilla\qt\scintillaedit\release\lexasn1.obj
c:\users\marchetto\source\repos\gix-ide\libs\scintilla\qt\scintillaedit\release\lexcobol.obj
c:\users\marchetto\source\repos\gix-ide\libs\scintilla\qt\scintillaedit\release\lexcmake.obj
c:\users\marchetto\source\repos\gix-ide\libs\scintilla\qt\scintillaedit\release\lexd.obj
c:\users\marchetto\source\repos\gix-ide\libs\scintilla\qt\scintillaedit\release\lexmagik.obj
c:\users\marchetto\source\repos\gix-ide\libs\scintilla\qt\scintillaedit\release\lexnim.obj
c:\users\marchetto\source\repos\gix-ide\libs\scintilla\qt\scintillaedit\release\lexscriptol.obj
c:\users\marchetto\source\repos\gix-ide\libs\scintilla\qt\scintillaedit\release\lextads3.obj
c:\users\marchetto\source\repos\gix-ide\libs\scintilla\qt\scintillaedit\release\lexx12.obj
c:\users\marchetto\source\repos\gix-ide\libs\scintilla\qt\scintillaedit\release\scintillaedit.obj
c:\users\marchetto\source\repos\gix-ide\libs\scintilla\qt\scintillaedit\release\charactercategory.obj
c:\users\marchetto\source\repos\gix-ide\libs\scintilla\qt\scintillaedit\release\keymap.obj
c:\users\marchetto\source\repos\gix-ide\libs\scintilla\qt\scintillaedit\release\lexbatch.obj
c:\users\marchetto\source\repos\gix-ide\libs\scintilla\qt\scintillaedit\release\lexcaml.obj
c:\users\marchetto\source\repos\gix-ide\libs\scintilla\qt\scintillaedit\release\lexcsound.obj
c:\users\marchetto\source\repos\gix-ide\libs\scintilla\qt\scintillaedit\release\lexedifact.obj
c:\users\marchetto\source\repos\gix-ide\libs\scintilla\qt\scintillaedit\release\lexindent.obj
c:\users\marchetto\source\repos\gix-ide\libs\scintilla\qt\scintillaedit\release\lexlout.obj
c:\users\marchetto\source\repos\gix-ide\libs\scintilla\qt\scintillaedit\release\lexmaxima.obj
c:\users\marchetto\source\repos\gix-ide\libs\scintilla\qt\scintillaedit\release\lexpowerpro.obj
c:\users\marchetto\source\repos\gix-ide\libs\scintilla\qt\scintillaedit\release\lexrebol.obj
c:\users\marchetto\source\repos\gix-ide\libs\scintilla\qt\scintillaedit\release\lexsmalltalk.obj
c:\users\marchetto\source\repos\gix-ide\libs\scintilla\qt\scintillaedit\release\lexstata.obj
c:\users\marchetto\source\repos\gix-ide\libs\scintilla\qt\scintillaedit\release\lexvhdl.obj
c:\users\marchetto\source\repos\gix-ide\libs\scintilla\qt\scintillaedit\release\research.obj
c:\users\marchetto\source\repos\gix-ide\libs\scintilla\qt\scintillaedit\release\stylecontext.obj
c:\users\marchetto\source\repos\gix-ide\libs\scintilla\qt\scintillaedit\release\uniconversion.obj
c:\users\marchetto\source\repos\gix-ide\libs\scintilla\qt\scintillaedit\release\moc_scintillaedit.obj
c:\users\marchetto\source\repos\gix-ide\libs\scintilla\qt\scintillaedit\release\moc_scintillaqt.obj
c:\users\marchetto\source\repos\gix-ide\libs\scintilla\qt\scintillaedit\release\moc_scintillaeditbase.obj
c:\users\marchetto\source\repos\gix-ide\libs\scintilla\qt\scintillaedit\release\moc_scintilladocument.obj
c:\users\marchetto\source\repos\gix-ide\libs\scintilla\qt\scintillaedit\release\moc_predefs.h
c:\users\marchetto\source\repos\gix-ide\win32\release\scintillaedit4.dll
c:\users\marchetto\source\repos\gix-ide\libs\scintilla\qt\scintillaedit\release\moc_scintilladocument.cpp
c:\users\marchetto\source\repos\gix-ide\libs\scintilla\qt\scintillaedit\release\moc_scintillaedit.cpp
c:\users\marchetto\source\repos\gix-ide\libs\scintilla\qt\scintillaedit\release\moc_scintillaeditbase.cpp
c:\users\marchetto\source\repos\gix-ide\libs\scintilla\qt\scintillaedit\release\moc_scintillaqt.cpp
c:\users\marchetto\source\repos\gix-ide\libs\scintilla\qt\scintillaedit\win32\release\scintillaedit_resource.res
c:\users\marchetto\documents\visual studio 2017\projects\gix-ide\win32\release\scintillaedit4.lib
c:\users\marchetto\documents\visual studio 2017\projects\gix-ide\win32\release\scintillaedit4.exp
c:\users\marchetto\source\repos\gix-ide\win32\release\scintillaedit4.lib
c:\users\marchetto\source\repos\gix-ide\win32\release\scintillaedit4.exp
c:\users\marchetto\source\repos\gix-ide\libs\scintilla\qt\scintillaedit\win32\release\scintillaedit.tlog\cl.10396.write.1.tlog
c:\users\marchetto\source\repos\gix-ide\libs\scintilla\qt\scintillaedit\win32\release\scintillaedit.tlog\cl.command.1.tlog
c:\users\marchetto\source\repos\gix-ide\libs\scintilla\qt\scintillaedit\win32\release\scintillaedit.tlog\cl.read.1.tlog
c:\users\marchetto\source\repos\gix-ide\libs\scintilla\qt\scintillaedit\win32\release\scintillaedit.tlog\custombuild.command.1.tlog
c:\users\marchetto\source\repos\gix-ide\libs\scintilla\qt\scintillaedit\win32\release\scintillaedit.tlog\custombuild.read.1.tlog
c:\users\marchetto\source\repos\gix-ide\libs\scintilla\qt\scintillaedit\win32\release\scintillaedit.tlog\custombuild.write.1.tlog
c:\users\marchetto\source\repos\gix-ide\libs\scintilla\qt\scintillaedit\win32\release\scintillaedit.tlog\link.command.1.tlog
c:\users\marchetto\source\repos\gix-ide\libs\scintilla\qt\scintillaedit\win32\release\scintillaedit.tlog\link.read.1.tlog
c:\users\marchetto\source\repos\gix-ide\libs\scintilla\qt\scintillaedit\win32\release\scintillaedit.tlog\link.write.1.tlog
c:\users\marchetto\source\repos\gix-ide\libs\scintilla\qt\scintillaedit\win32\release\scintillaedit.tlog\moc.read.1u.tlog
c:\users\marchetto\source\repos\gix-ide\libs\scintilla\qt\scintillaedit\win32\release\scintillaedit.tlog\moc.write.1u.tlog
c:\users\marchetto\source\repos\gix-ide\libs\scintilla\qt\scintillaedit\win32\release\scintillaedit.tlog\rc.command.1.tlog
c:\users\marchetto\source\repos\gix-ide\libs\scintilla\qt\scintillaedit\win32\release\scintillaedit.tlog\rc.read.1.tlog
c:\users\marchetto\source\repos\gix-ide\libs\scintilla\qt\scintillaedit\win32\release\scintillaedit.tlog\rc.write.1.tlog
c:\users\marchetto\source\repos\gix-ide\libs\scintilla\qt\scintillaedit\win32\release\scintillaedit.tlog\scintillaedit.write.1u.tlog
